<?xml version="1.0" encoding="UTF-8"?>
<testng-results ignored="0" total="136" passed="16" failed="120" skipped="0">
  <reporter-output>
  </reporter-output>
  <suite started-at="2024-10-29T16:15:01 EDT" name="Default suite" finished-at="2024-10-29T16:17:51 EDT" duration-ms="169784">
    <groups>
      <group name="cucumber">
        <method signature="AbstractTestNGCucumberTests.runScenario(io.cucumber.testng.PickleWrapper,io.cucumber.testng.FeatureWrapper)[pri:0, instance:runners.TestRunner@43aaf813]" name="runScenario" class="io.cucumber.testng.AbstractTestNGCucumberTests"/>
      </group> <!-- cucumber -->
    </groups>
    <test started-at="2024-10-29T16:15:01 EDT" name="Default test" finished-at="2024-10-29T16:17:51 EDT" duration-ms="169784">
      <class name="runners.TestRunner">
        <test-method is-config="true" signature="setUpClass(org.testng.ITestContext)[pri:0, instance:runners.TestRunner@43aaf813]" started-at="2024-10-29T16:15:01 EDT" name="setUpClass" finished-at="2024-10-29T16:15:03 EDT" duration-ms="2433" status="PASS">
          <params>
            <param index="0">
              <value>
                <![CDATA[org.testng.TestRunner@49620576]]>
              </value>
            </param>
          </params>
          <reporter-output>
          </reporter-output>
        </test-method> <!-- setUpClass -->
        <test-method signature="runScenario(io.cucumber.testng.PickleWrapper,io.cucumber.testng.FeatureWrapper)[pri:0, instance:runners.TestRunner@43aaf813]" started-at="2024-10-29T16:15:03 EDT" name="runScenario" description="Runs Cucumber Scenarios" data-provider="scenarios" finished-at="2024-10-29T16:15:14 EDT" duration-ms="10558" status="FAIL">
          <params>
            <param index="0">
              <value>
                <![CDATA["launch of lms website"]]>
              </value>
            </param>
            <param index="1">
              <value>
                <![CDATA["login"]]>
              </value>
            </param>
          </params>
          <exception class="io.cucumber.testng.UndefinedStepException">
            <message>
              <![CDATA[The step 'Admin should land on the login page vh' is undefined.
You can implement this step using the snippet(s) below:

@Then("Admin should land on the login page vh")
public void admin_should_land_on_the_login_page_vh() {
    // Write code here that turns the phrase above into concrete actions
    throw new io.cucumber.java.PendingException();
}
]]>
            </message>
            <full-stacktrace>
              <![CDATA[io.cucumber.testng.UndefinedStepException: The step 'Admin should land on the login page vh' is undefined.
You can implement this step using the snippet(s) below:

@Then("Admin should land on the login page vh")
public void admin_should_land_on_the_login_page_vh() {
    // Write code here that turns the phrase above into concrete actions
    throw new io.cucumber.java.PendingException();
}

at io.cucumber.core.runtime.TestCaseResultObserver.assertTestCasePassed(TestCaseResultObserver.java:69)
at io.cucumber.testng.TestCaseResultObserver.assertTestCasePassed(TestCaseResultObserver.java:23)
at io.cucumber.testng.TestNGCucumberRunner.lambda$runScenario$1(TestNGCucumberRunner.java:133)
at io.cucumber.core.runtime.CucumberExecutionContext.lambda$runTestCase$5(CucumberExecutionContext.java:130)
at io.cucumber.core.runtime.RethrowingThrowableCollector.executeAndThrow(RethrowingThrowableCollector.java:23)
at io.cucumber.core.runtime.CucumberExecutionContext.runTestCase(CucumberExecutionContext.java:130)
at io.cucumber.testng.TestNGCucumberRunner.runScenario(TestNGCucumberRunner.java:129)
at io.cucumber.testng.AbstractTestNGCucumberTests.runScenario(AbstractTestNGCucumberTests.java:35)
at java.base/jdk.internal.reflect.NativeMethodAccessorImpl.invoke0(Native Method)
at java.base/jdk.internal.reflect.NativeMethodAccessorImpl.invoke(NativeMethodAccessorImpl.java:77)
at java.base/jdk.internal.reflect.DelegatingMethodAccessorImpl.invoke(DelegatingMethodAccessorImpl.java:43)
at java.base/java.lang.reflect.Method.invoke(Method.java:568)
at org.testng.internal.invokers.MethodInvocationHelper.invokeMethod(MethodInvocationHelper.java:139)
at org.testng.internal.invokers.TestInvoker.invokeMethod(TestInvoker.java:677)
at org.testng.internal.invokers.TestInvoker.invokeTestMethod(TestInvoker.java:221)
at org.testng.internal.invokers.MethodRunner.runInSequence(MethodRunner.java:50)
at org.testng.internal.invokers.TestInvoker$MethodInvocationAgent.invoke(TestInvoker.java:969)
at org.testng.internal.invokers.TestInvoker.invokeTestMethods(TestInvoker.java:194)
at org.testng.internal.invokers.TestMethodWorker.invokeTestMethods(TestMethodWorker.java:148)
at org.testng.internal.invokers.TestMethodWorker.run(TestMethodWorker.java:128)
at java.base/java.util.ArrayList.forEach(ArrayList.java:1511)
at org.testng.TestRunner.privateRun(TestRunner.java:829)
at org.testng.TestRunner.run(TestRunner.java:602)
at org.testng.SuiteRunner.runTest(SuiteRunner.java:437)
at org.testng.SuiteRunner.runSequentially(SuiteRunner.java:431)
at org.testng.SuiteRunner.privateRun(SuiteRunner.java:391)
at org.testng.SuiteRunner.run(SuiteRunner.java:330)
at org.testng.SuiteRunnerWorker.runSuite(SuiteRunnerWorker.java:52)
at org.testng.SuiteRunnerWorker.run(SuiteRunnerWorker.java:95)
at org.testng.TestNG.runSuitesSequentially(TestNG.java:1256)
at org.testng.TestNG.runSuitesLocally(TestNG.java:1176)
at org.testng.TestNG.runSuites(TestNG.java:1099)
at org.testng.TestNG.run(TestNG.java:1067)
at org.testng.remote.AbstractRemoteTestNG.run(AbstractRemoteTestNG.java:115)
at org.testng.remote.RemoteTestNG.initAndRun(RemoteTestNG.java:293)
at org.testng.remote.RemoteTestNG.main(RemoteTestNG.java:91)
]]>
            </full-stacktrace>
          </exception> <!-- io.cucumber.testng.UndefinedStepException -->
          <reporter-output>
          </reporter-output>
        </test-method> <!-- runScenario -->
        <test-method signature="runScenario(io.cucumber.testng.PickleWrapper,io.cucumber.testng.FeatureWrapper)[pri:0, instance:runners.TestRunner@43aaf813]" started-at="2024-10-29T16:15:14 EDT" name="runScenario" description="Runs Cucumber Scenarios" data-provider="scenarios" finished-at="2024-10-29T16:15:15 EDT" duration-ms="563" status="FAIL">
          <params>
            <param index="0">
              <value>
                <![CDATA["Verify Admin is able to land on home page with invalid URL"]]>
              </value>
            </param>
            <param index="1">
              <value>
                <![CDATA["login"]]>
              </value>
            </param>
          </params>
          <exception class="java.lang.NullPointerException">
            <message>
              <![CDATA[Cannot invoke "org.openqa.selenium.WebDriver.getPageSource()" because "pageObjectModel.LoginPage.driver" is null]]>
            </message>
            <full-stacktrace>
              <![CDATA[java.lang.NullPointerException: Cannot invoke "org.openqa.selenium.WebDriver.getPageSource()" because "pageObjectModel.LoginPage.driver" is null
at pageObjectModel.LoginPage.CheckIfValidURL(LoginPage.java:81)
at stepDefinition.LoginSteps.admin_should_recieve_page_not_found_error_vh(LoginSteps.java:46)
at ✽.Admin should recieve 404 page not found error vh(file:///C:/Users/banda/git/Team12_SeleniumHackathon/Team_12_LMS_Oct_2024/./src/test/resources/Features/01Login.feature:15)
]]>
            </full-stacktrace>
          </exception> <!-- java.lang.NullPointerException -->
          <reporter-output>
          </reporter-output>
        </test-method> <!-- runScenario -->
        <test-method signature="runScenario(io.cucumber.testng.PickleWrapper,io.cucumber.testng.FeatureWrapper)[pri:0, instance:runners.TestRunner@43aaf813]" started-at="2024-10-29T16:15:15 EDT" name="runScenario" description="Runs Cucumber Scenarios" data-provider="scenarios" finished-at="2024-10-29T16:15:16 EDT" duration-ms="1859" status="FAIL">
          <params>
            <param index="0">
              <value>
                <![CDATA["Verify for broken link"]]>
              </value>
            </param>
            <param index="1">
              <value>
                <![CDATA["login"]]>
              </value>
            </param>
          </params>
          <exception class="java.lang.NullPointerException">
            <message>
              <![CDATA[Cannot invoke "org.openqa.selenium.WebDriver.findElements(org.openqa.selenium.By)" because "pageObjectModel.LoginPage.driver" is null]]>
            </message>
            <full-stacktrace>
              <![CDATA[java.lang.NullPointerException: Cannot invoke "org.openqa.selenium.WebDriver.findElements(org.openqa.selenium.By)" because "pageObjectModel.LoginPage.driver" is null
at pageObjectModel.LoginPage.brokenLink(LoginPage.java:139)
at stepDefinition.LoginSteps.http_response_then_the_link_is_broken_vh(LoginSteps.java:56)
at ✽.HTTP response >= 400. Then the link is broken vh(file:///C:/Users/banda/git/Team12_SeleniumHackathon/Team_12_LMS_Oct_2024/./src/test/resources/Features/01Login.feature:20)
]]>
            </full-stacktrace>
          </exception> <!-- java.lang.NullPointerException -->
          <reporter-output>
          </reporter-output>
        </test-method> <!-- runScenario -->
        <test-method signature="runScenario(io.cucumber.testng.PickleWrapper,io.cucumber.testng.FeatureWrapper)[pri:0, instance:runners.TestRunner@43aaf813]" started-at="2024-10-29T16:15:16 EDT" name="runScenario" description="Runs Cucumber Scenarios" data-provider="scenarios" finished-at="2024-10-29T16:15:17 EDT" duration-ms="118" status="FAIL">
          <params>
            <param index="0">
              <value>
                <![CDATA["Verify the text spelling in the page"]]>
              </value>
            </param>
            <param index="1">
              <value>
                <![CDATA["login"]]>
              </value>
            </param>
          </params>
          <exception class="java.lang.NullPointerException">
            <message>
              <![CDATA[Cannot invoke "org.openqa.selenium.WebDriver.findElement(org.openqa.selenium.By)" because "pageObjectModel.LoginPage.driver" is null]]>
            </message>
            <full-stacktrace>
              <![CDATA[java.lang.NullPointerException: Cannot invoke "org.openqa.selenium.WebDriver.findElement(org.openqa.selenium.By)" because "pageObjectModel.LoginPage.driver" is null
at pageObjectModel.LoginPage.CheckSpellings(LoginPage.java:63)
at stepDefinition.LoginSteps.admin_should_see_correct_spellings_in_all_fields_vh(LoginSteps.java:61)
at ✽.Admin should see correct spellings in all fields vh(file:///C:/Users/banda/git/Team12_SeleniumHackathon/Team_12_LMS_Oct_2024/./src/test/resources/Features/01Login.feature:24)
]]>
            </full-stacktrace>
          </exception> <!-- java.lang.NullPointerException -->
          <reporter-output>
          </reporter-output>
        </test-method> <!-- runScenario -->
        <test-method signature="runScenario(io.cucumber.testng.PickleWrapper,io.cucumber.testng.FeatureWrapper)[pri:0, instance:runners.TestRunner@43aaf813]" started-at="2024-10-29T16:15:17 EDT" name="runScenario" description="Runs Cucumber Scenarios" data-provider="scenarios" finished-at="2024-10-29T16:15:17 EDT" duration-ms="155" status="FAIL">
          <params>
            <param index="0">
              <value>
                <![CDATA["Verify the company logo"]]>
              </value>
            </param>
            <param index="1">
              <value>
                <![CDATA["login"]]>
              </value>
            </param>
          </params>
          <exception class="java.lang.NullPointerException">
            <message>
              <![CDATA[Cannot invoke "org.openqa.selenium.WebDriver.findElement(org.openqa.selenium.By)" because "pageObjectModel.LoginPage.driver" is null]]>
            </message>
            <full-stacktrace>
              <![CDATA[java.lang.NullPointerException: Cannot invoke "org.openqa.selenium.WebDriver.findElement(org.openqa.selenium.By)" because "pageObjectModel.LoginPage.driver" is null
at pageObjectModel.LoginPage.verifylogo(LoginPage.java:87)
at stepDefinition.LoginSteps.admin_should_see_logo_on_the_left_side_vh(LoginSteps.java:66)
at ✽.Admin should see logo on the left side vh(file:///C:/Users/banda/git/Team12_SeleniumHackathon/Team_12_LMS_Oct_2024/./src/test/resources/Features/01Login.feature:28)
]]>
            </full-stacktrace>
          </exception> <!-- java.lang.NullPointerException -->
          <reporter-output>
          </reporter-output>
        </test-method> <!-- runScenario -->
        <test-method signature="runScenario(io.cucumber.testng.PickleWrapper,io.cucumber.testng.FeatureWrapper)[pri:0, instance:runners.TestRunner@43aaf813]" started-at="2024-10-29T16:15:17 EDT" name="runScenario" description="Runs Cucumber Scenarios" data-provider="scenarios" finished-at="2024-10-29T16:15:17 EDT" duration-ms="68" status="FAIL">
          <params>
            <param index="0">
              <value>
                <![CDATA["Verify application name"]]>
              </value>
            </param>
            <param index="1">
              <value>
                <![CDATA["login"]]>
              </value>
            </param>
          </params>
          <exception class="java.lang.NullPointerException">
            <message>
              <![CDATA[Cannot invoke "org.openqa.selenium.WebDriver.findElement(org.openqa.selenium.By)" because "pageObjectModel.LoginPage.driver" is null]]>
            </message>
            <full-stacktrace>
              <![CDATA[java.lang.NullPointerException: Cannot invoke "org.openqa.selenium.WebDriver.findElement(org.openqa.selenium.By)" because "pageObjectModel.LoginPage.driver" is null
at pageObjectModel.LoginPage.appNameOnLogo(LoginPage.java:176)
at stepDefinition.LoginSteps.admin_should_see_lms_learning_management_system_vh(LoginSteps.java:71)
at ✽.Admin should see LMS - Learning Management System vh(file:///C:/Users/banda/git/Team12_SeleniumHackathon/Team_12_LMS_Oct_2024/./src/test/resources/Features/01Login.feature:32)
]]>
            </full-stacktrace>
          </exception> <!-- java.lang.NullPointerException -->
          <reporter-output>
          </reporter-output>
        </test-method> <!-- runScenario -->
        <test-method signature="runScenario(io.cucumber.testng.PickleWrapper,io.cucumber.testng.FeatureWrapper)[pri:0, instance:runners.TestRunner@43aaf813]" started-at="2024-10-29T16:15:17 EDT" name="runScenario" description="Runs Cucumber Scenarios" data-provider="scenarios" finished-at="2024-10-29T16:15:17 EDT" duration-ms="66" status="FAIL">
          <params>
            <param index="0">
              <value>
                <![CDATA["Verify company name"]]>
              </value>
            </param>
            <param index="1">
              <value>
                <![CDATA["login"]]>
              </value>
            </param>
          </params>
          <exception class="java.lang.NullPointerException">
            <message>
              <![CDATA[Cannot invoke "org.openqa.selenium.WebDriver.findElement(org.openqa.selenium.By)" because "pageObjectModel.LoginPage.driver" is null]]>
            </message>
            <full-stacktrace>
              <![CDATA[java.lang.NullPointerException: Cannot invoke "org.openqa.selenium.WebDriver.findElement(org.openqa.selenium.By)" because "pageObjectModel.LoginPage.driver" is null
at pageObjectModel.LoginPage.companyNameOnLogo(LoginPage.java:189)
at stepDefinition.LoginSteps.admin_should_see_company_name_below_the_app_name_vh(LoginSteps.java:76)
at ✽.Admin should see company name below the app name vh(file:///C:/Users/banda/git/Team12_SeleniumHackathon/Team_12_LMS_Oct_2024/./src/test/resources/Features/01Login.feature:36)
]]>
            </full-stacktrace>
          </exception> <!-- java.lang.NullPointerException -->
          <reporter-output>
          </reporter-output>
        </test-method> <!-- runScenario -->
        <test-method signature="runScenario(io.cucumber.testng.PickleWrapper,io.cucumber.testng.FeatureWrapper)[pri:0, instance:runners.TestRunner@43aaf813]" started-at="2024-10-29T16:15:17 EDT" name="runScenario" description="Runs Cucumber Scenarios" data-provider="scenarios" finished-at="2024-10-29T16:15:17 EDT" duration-ms="110" status="FAIL">
          <params>
            <param index="0">
              <value>
                <![CDATA["Verify text field is present"]]>
              </value>
            </param>
            <param index="1">
              <value>
                <![CDATA["login"]]>
              </value>
            </param>
          </params>
          <exception class="java.lang.AssertionError">
            <message>
              <![CDATA[expected [true] but found [false]]]>
            </message>
            <full-stacktrace>
              <![CDATA[java.lang.AssertionError: expected [true] but found [false]
at org.testng.Assert.fail(Assert.java:110)
at org.testng.Assert.failNotEquals(Assert.java:1577)
at org.testng.Assert.assertEqualsImpl(Assert.java:149)
at org.testng.Assert.assertEquals(Assert.java:131)
at org.testng.Assert.assertEquals(Assert.java:1066)
at org.testng.Assert.assertEquals(Assert.java:1030)
at org.testng.Assert.assertEquals(Assert.java:1076)
at pageObjectModel.LoginPage.verifyTwoTextFields(LoginPage.java:127)
at stepDefinition.LoginSteps.admin_should_see_two_text_field_vh(LoginSteps.java:86)
at ✽.Admin should see two text field vh(file:///C:/Users/banda/git/Team12_SeleniumHackathon/Team_12_LMS_Oct_2024/./src/test/resources/Features/01Login.feature:44)
]]>
            </full-stacktrace>
          </exception> <!-- java.lang.AssertionError -->
          <reporter-output>
          </reporter-output>
        </test-method> <!-- runScenario -->
        <test-method signature="runScenario(io.cucumber.testng.PickleWrapper,io.cucumber.testng.FeatureWrapper)[pri:0, instance:runners.TestRunner@43aaf813]" started-at="2024-10-29T16:15:17 EDT" name="runScenario" description="Runs Cucumber Scenarios" data-provider="scenarios" finished-at="2024-10-29T16:15:17 EDT" duration-ms="76" status="FAIL">
          <params>
            <param index="0">
              <value>
                <![CDATA["Verify text on the first text field"]]>
              </value>
            </param>
            <param index="1">
              <value>
                <![CDATA["login"]]>
              </value>
            </param>
          </params>
          <exception class="java.lang.NullPointerException">
            <message>
              <![CDATA[Cannot invoke "org.openqa.selenium.WebDriver.findElements(org.openqa.selenium.By)" because "pageObjectModel.LoginPage.driver" is null]]>
            </message>
            <full-stacktrace>
              <![CDATA[java.lang.NullPointerException: Cannot invoke "org.openqa.selenium.WebDriver.findElements(org.openqa.selenium.By)" because "pageObjectModel.LoginPage.driver" is null
at pageObjectModel.LoginPage.VerifyUser(LoginPage.java:94)
at stepDefinition.LoginSteps.admin_should_in_the_first_text_field_vh(LoginSteps.java:91)
at ✽.Admin should "User" in the first text field vh(file:///C:/Users/banda/git/Team12_SeleniumHackathon/Team_12_LMS_Oct_2024/./src/test/resources/Features/01Login.feature:48)
]]>
            </full-stacktrace>
          </exception> <!-- java.lang.NullPointerException -->
          <reporter-output>
          </reporter-output>
        </test-method> <!-- runScenario -->
        <test-method signature="runScenario(io.cucumber.testng.PickleWrapper,io.cucumber.testng.FeatureWrapper)[pri:0, instance:runners.TestRunner@43aaf813]" started-at="2024-10-29T16:15:17 EDT" name="runScenario" description="Runs Cucumber Scenarios" data-provider="scenarios" finished-at="2024-10-29T16:15:17 EDT" duration-ms="67" status="FAIL">
          <params>
            <param index="0">
              <value>
                <![CDATA["Verify asterik next to Admin text"]]>
              </value>
            </param>
            <param index="1">
              <value>
                <![CDATA["login"]]>
              </value>
            </param>
          </params>
          <exception class="java.lang.NullPointerException">
            <message>
              <![CDATA[Cannot invoke "org.openqa.selenium.WebDriver.findElements(org.openqa.selenium.By)" because "pageObjectModel.LoginPage.driver" is null]]>
            </message>
            <full-stacktrace>
              <![CDATA[java.lang.NullPointerException: Cannot invoke "org.openqa.selenium.WebDriver.findElements(org.openqa.selenium.By)" because "pageObjectModel.LoginPage.driver" is null
at pageObjectModel.LoginPage.VerifyStarWithUserTextBox(LoginPage.java:70)
at stepDefinition.LoginSteps.admin_should_see_field_mandatory_symbol_next_to_admin_text_vh(LoginSteps.java:96)
at ✽.Admin should see field mandatory *symbol next to Admin text vh(file:///C:/Users/banda/git/Team12_SeleniumHackathon/Team_12_LMS_Oct_2024/./src/test/resources/Features/01Login.feature:52)
]]>
            </full-stacktrace>
          </exception> <!-- java.lang.NullPointerException -->
          <reporter-output>
          </reporter-output>
        </test-method> <!-- runScenario -->
        <test-method signature="runScenario(io.cucumber.testng.PickleWrapper,io.cucumber.testng.FeatureWrapper)[pri:0, instance:runners.TestRunner@43aaf813]" started-at="2024-10-29T16:15:17 EDT" name="runScenario" description="Runs Cucumber Scenarios" data-provider="scenarios" finished-at="2024-10-29T16:15:17 EDT" duration-ms="63" status="FAIL">
          <params>
            <param index="0">
              <value>
                <![CDATA["Verify text on the second text field"]]>
              </value>
            </param>
            <param index="1">
              <value>
                <![CDATA["login"]]>
              </value>
            </param>
          </params>
          <exception class="java.lang.NullPointerException">
            <message>
              <![CDATA[Cannot invoke "org.openqa.selenium.WebDriver.findElements(org.openqa.selenium.By)" because "pageObjectModel.LoginPage.driver" is null]]>
            </message>
            <full-stacktrace>
              <![CDATA[java.lang.NullPointerException: Cannot invoke "org.openqa.selenium.WebDriver.findElements(org.openqa.selenium.By)" because "pageObjectModel.LoginPage.driver" is null
at pageObjectModel.LoginPage.Verifypassword(LoginPage.java:98)
at stepDefinition.LoginSteps.admin_should_in_the_second_text_field_vh(LoginSteps.java:101)
at ✽.Admin should "Password" in the second text field vh(file:///C:/Users/banda/git/Team12_SeleniumHackathon/Team_12_LMS_Oct_2024/./src/test/resources/Features/01Login.feature:56)
]]>
            </full-stacktrace>
          </exception> <!-- java.lang.NullPointerException -->
          <reporter-output>
          </reporter-output>
        </test-method> <!-- runScenario -->
        <test-method signature="runScenario(io.cucumber.testng.PickleWrapper,io.cucumber.testng.FeatureWrapper)[pri:0, instance:runners.TestRunner@43aaf813]" started-at="2024-10-29T16:15:17 EDT" name="runScenario" description="Runs Cucumber Scenarios" data-provider="scenarios" finished-at="2024-10-29T16:15:17 EDT" duration-ms="62" status="FAIL">
          <params>
            <param index="0">
              <value>
                <![CDATA["Verify asterik next to password text"]]>
              </value>
            </param>
            <param index="1">
              <value>
                <![CDATA["login"]]>
              </value>
            </param>
          </params>
          <exception class="java.lang.NullPointerException">
            <message>
              <![CDATA[Cannot invoke "org.openqa.selenium.WebDriver.findElements(org.openqa.selenium.By)" because "pageObjectModel.LoginPage.driver" is null]]>
            </message>
            <full-stacktrace>
              <![CDATA[java.lang.NullPointerException: Cannot invoke "org.openqa.selenium.WebDriver.findElements(org.openqa.selenium.By)" because "pageObjectModel.LoginPage.driver" is null
at pageObjectModel.LoginPage.VerifyStarWithPasswordTextBox(LoginPage.java:74)
at stepDefinition.LoginSteps.admin_should_see_symbol_next_to_password_text_vh(LoginSteps.java:106)
at ✽.Admin should see * symbol next to password text vh(file:///C:/Users/banda/git/Team12_SeleniumHackathon/Team_12_LMS_Oct_2024/./src/test/resources/Features/01Login.feature:60)
]]>
            </full-stacktrace>
          </exception> <!-- java.lang.NullPointerException -->
          <reporter-output>
          </reporter-output>
        </test-method> <!-- runScenario -->
        <test-method signature="runScenario(io.cucumber.testng.PickleWrapper,io.cucumber.testng.FeatureWrapper)[pri:0, instance:runners.TestRunner@43aaf813]" started-at="2024-10-29T16:15:17 EDT" name="runScenario" description="Runs Cucumber Scenarios" data-provider="scenarios" finished-at="2024-10-29T16:15:17 EDT" duration-ms="64" status="FAIL">
          <params>
            <param index="0">
              <value>
                <![CDATA["Verify the alignment input field for the login"]]>
              </value>
            </param>
            <param index="1">
              <value>
                <![CDATA["login"]]>
              </value>
            </param>
          </params>
          <exception class="java.lang.NullPointerException">
            <message>
              <![CDATA[Cannot invoke "org.openqa.selenium.WebDriver.findElement(org.openqa.selenium.By)" because "pageObjectModel.LoginPage.driver" is null]]>
            </message>
            <full-stacktrace>
              <![CDATA[java.lang.NullPointerException: Cannot invoke "org.openqa.selenium.WebDriver.findElement(org.openqa.selenium.By)" because "pageObjectModel.LoginPage.driver" is null
at pageObjectModel.LoginPage.positionOfInputBox(LoginPage.java:210)
at stepDefinition.LoginSteps.admin_should_see_input_field_on_the_centre_of_the_page_vh(LoginSteps.java:111)
at ✽.Admin should see input field on the centre of the page vh(file:///C:/Users/banda/git/Team12_SeleniumHackathon/Team_12_LMS_Oct_2024/./src/test/resources/Features/01Login.feature:64)
]]>
            </full-stacktrace>
          </exception> <!-- java.lang.NullPointerException -->
          <reporter-output>
          </reporter-output>
        </test-method> <!-- runScenario -->
        <test-method signature="runScenario(io.cucumber.testng.PickleWrapper,io.cucumber.testng.FeatureWrapper)[pri:0, instance:runners.TestRunner@43aaf813]" started-at="2024-10-29T16:15:17 EDT" name="runScenario" description="Runs Cucumber Scenarios" data-provider="scenarios" finished-at="2024-10-29T16:15:17 EDT" duration-ms="64" status="FAIL">
          <params>
            <param index="0">
              <value>
                <![CDATA["verify Login button is present"]]>
              </value>
            </param>
            <param index="1">
              <value>
                <![CDATA["login"]]>
              </value>
            </param>
          </params>
          <exception class="java.lang.NullPointerException">
            <message>
              <![CDATA[Cannot invoke "org.openqa.selenium.WebDriver.findElements(org.openqa.selenium.By)" because "pageObjectModel.LoginPage.driver" is null]]>
            </message>
            <full-stacktrace>
              <![CDATA[java.lang.NullPointerException: Cannot invoke "org.openqa.selenium.WebDriver.findElements(org.openqa.selenium.By)" because "pageObjectModel.LoginPage.driver" is null
at pageObjectModel.LoginPage.VerifyLoginButton(LoginPage.java:78)
at stepDefinition.LoginSteps.admin_should_see_login_button_vh(LoginSteps.java:116)
at ✽.Admin should see login button vh(file:///C:/Users/banda/git/Team12_SeleniumHackathon/Team_12_LMS_Oct_2024/./src/test/resources/Features/01Login.feature:68)
]]>
            </full-stacktrace>
          </exception> <!-- java.lang.NullPointerException -->
          <reporter-output>
          </reporter-output>
        </test-method> <!-- runScenario -->
        <test-method signature="runScenario(io.cucumber.testng.PickleWrapper,io.cucumber.testng.FeatureWrapper)[pri:0, instance:runners.TestRunner@43aaf813]" started-at="2024-10-29T16:15:17 EDT" name="runScenario" description="Runs Cucumber Scenarios" data-provider="scenarios" finished-at="2024-10-29T16:15:18 EDT" duration-ms="63" status="FAIL">
          <params>
            <param index="0">
              <value>
                <![CDATA["Verify the alignment of the login button"]]>
              </value>
            </param>
            <param index="1">
              <value>
                <![CDATA["login"]]>
              </value>
            </param>
          </params>
          <exception class="java.lang.NullPointerException">
            <message>
              <![CDATA[Cannot invoke "org.openqa.selenium.WebDriver.findElement(org.openqa.selenium.By)" because "pageObjectModel.LoginPage.driver" is null]]>
            </message>
            <full-stacktrace>
              <![CDATA[java.lang.NullPointerException: Cannot invoke "org.openqa.selenium.WebDriver.findElement(org.openqa.selenium.By)" because "pageObjectModel.LoginPage.driver" is null
at pageObjectModel.LoginPage.positionOfLoginBtn(LoginPage.java:200)
at stepDefinition.LoginSteps.admin_should_see_login_button_on_the_centre_of_the_page_vh(LoginSteps.java:121)
at ✽.Admin should see login button on the centre of the page vh(file:///C:/Users/banda/git/Team12_SeleniumHackathon/Team_12_LMS_Oct_2024/./src/test/resources/Features/01Login.feature:72)
]]>
            </full-stacktrace>
          </exception> <!-- java.lang.NullPointerException -->
          <reporter-output>
          </reporter-output>
        </test-method> <!-- runScenario -->
        <test-method signature="runScenario(io.cucumber.testng.PickleWrapper,io.cucumber.testng.FeatureWrapper)[pri:0, instance:runners.TestRunner@43aaf813]" started-at="2024-10-29T16:15:18 EDT" name="runScenario" description="Runs Cucumber Scenarios" data-provider="scenarios" finished-at="2024-10-29T16:15:18 EDT" duration-ms="56" status="FAIL">
          <params>
            <param index="0">
              <value>
                <![CDATA["Verify input descriptive test in Admin field"]]>
              </value>
            </param>
            <param index="1">
              <value>
                <![CDATA["login"]]>
              </value>
            </param>
          </params>
          <exception class="java.lang.NullPointerException">
            <message>
              <![CDATA[Cannot invoke "org.openqa.selenium.WebDriver.findElement(org.openqa.selenium.By)" because "pageObjectModel.LoginPage.driver" is null]]>
            </message>
            <full-stacktrace>
              <![CDATA[java.lang.NullPointerException: Cannot invoke "org.openqa.selenium.WebDriver.findElement(org.openqa.selenium.By)" because "pageObjectModel.LoginPage.driver" is null
at pageObjectModel.LoginPage.checkIfUserFontColorIsGray(LoginPage.java:220)
at stepDefinition.LoginSteps.admin_should_see_admin_in_gray_color_vh(LoginSteps.java:125)
at ✽.Admin should see Admin in gray color vh(file:///C:/Users/banda/git/Team12_SeleniumHackathon/Team_12_LMS_Oct_2024/./src/test/resources/Features/01Login.feature:76)
]]>
            </full-stacktrace>
          </exception> <!-- java.lang.NullPointerException -->
          <reporter-output>
          </reporter-output>
        </test-method> <!-- runScenario -->
        <test-method signature="runScenario(io.cucumber.testng.PickleWrapper,io.cucumber.testng.FeatureWrapper)[pri:0, instance:runners.TestRunner@43aaf813]" started-at="2024-10-29T16:15:18 EDT" name="runScenario" description="Runs Cucumber Scenarios" data-provider="scenarios" finished-at="2024-10-29T16:15:18 EDT" duration-ms="54" status="FAIL">
          <params>
            <param index="0">
              <value>
                <![CDATA["Verify input descriptive test in password field"]]>
              </value>
            </param>
            <param index="1">
              <value>
                <![CDATA["login"]]>
              </value>
            </param>
          </params>
          <exception class="java.lang.NullPointerException">
            <message>
              <![CDATA[Cannot invoke "org.openqa.selenium.WebDriver.findElement(org.openqa.selenium.By)" because "pageObjectModel.LoginPage.driver" is null]]>
            </message>
            <full-stacktrace>
              <![CDATA[java.lang.NullPointerException: Cannot invoke "org.openqa.selenium.WebDriver.findElement(org.openqa.selenium.By)" because "pageObjectModel.LoginPage.driver" is null
at pageObjectModel.LoginPage.checkIfPasswordFontColorIsGray(LoginPage.java:226)
at stepDefinition.LoginSteps.admin_should_see_password_in_gray_color_vh(LoginSteps.java:130)
at ✽.Admin should see password in gray color vh(file:///C:/Users/banda/git/Team12_SeleniumHackathon/Team_12_LMS_Oct_2024/./src/test/resources/Features/01Login.feature:80)
]]>
            </full-stacktrace>
          </exception> <!-- java.lang.NullPointerException -->
          <reporter-output>
          </reporter-output>
        </test-method> <!-- runScenario -->
        <test-method signature="runScenario(io.cucumber.testng.PickleWrapper,io.cucumber.testng.FeatureWrapper)[pri:0, instance:runners.TestRunner@43aaf813]" started-at="2024-10-29T16:15:18 EDT" name="runScenario" description="Runs Cucumber Scenarios" data-provider="scenarios" finished-at="2024-10-29T16:15:18 EDT" duration-ms="47" status="FAIL">
          <params>
            <param index="0">
              <value>
                <![CDATA["Validate login with valid credentials"]]>
              </value>
            </param>
            <param index="1">
              <value>
                <![CDATA["login"]]>
              </value>
            </param>
          </params>
          <exception class="java.lang.NullPointerException">
            <message>
              <![CDATA[Cannot invoke "org.openqa.selenium.WebDriver.findElement(org.openqa.selenium.By)" because "pageObjectModel.LoginPage.driver" is null]]>
            </message>
            <full-stacktrace>
              <![CDATA[java.lang.NullPointerException: Cannot invoke "org.openqa.selenium.WebDriver.findElement(org.openqa.selenium.By)" because "pageObjectModel.LoginPage.driver" is null
at pageObjectModel.LoginPage.Homepageverification(LoginPage.java:60)
at stepDefinition.LoginSteps.admin_is_in_login_page_vh(LoginSteps.java:134)
at ✽.Admin is in login Page vh(file:///C:/Users/banda/git/Team12_SeleniumHackathon/Team_12_LMS_Oct_2024/./src/test/resources/Features/01Login.feature:84)
]]>
            </full-stacktrace>
          </exception> <!-- java.lang.NullPointerException -->
          <reporter-output>
          </reporter-output>
        </test-method> <!-- runScenario -->
        <test-method signature="runScenario(io.cucumber.testng.PickleWrapper,io.cucumber.testng.FeatureWrapper)[pri:0, instance:runners.TestRunner@43aaf813]" started-at="2024-10-29T16:15:18 EDT" name="runScenario" description="Runs Cucumber Scenarios" data-provider="scenarios" finished-at="2024-10-29T16:15:18 EDT" duration-ms="70" status="FAIL">
          <params>
            <param index="0">
              <value>
                <![CDATA["Validate login with invalid credentials"]]>
              </value>
            </param>
            <param index="1">
              <value>
                <![CDATA["login"]]>
              </value>
            </param>
          </params>
          <exception class="java.lang.NullPointerException">
            <message>
              <![CDATA[Cannot invoke "org.openqa.selenium.WebDriver.findElement(org.openqa.selenium.By)" because "pageObjectModel.LoginPage.driver" is null]]>
            </message>
            <full-stacktrace>
              <![CDATA[java.lang.NullPointerException: Cannot invoke "org.openqa.selenium.WebDriver.findElement(org.openqa.selenium.By)" because "pageObjectModel.LoginPage.driver" is null
at pageObjectModel.LoginPage.invalidcredencial(LoginPage.java:261)
at stepDefinition.LoginSteps.admin_enter_invalid_credentials_and_clicks_login_button_vh(LoginSteps.java:149)
at ✽.Admin enter invalid credentials and clicks login button vh(file:///C:/Users/banda/git/Team12_SeleniumHackathon/Team_12_LMS_Oct_2024/./src/test/resources/Features/01Login.feature:90)
]]>
            </full-stacktrace>
          </exception> <!-- java.lang.NullPointerException -->
          <reporter-output>
          </reporter-output>
        </test-method> <!-- runScenario -->
        <test-method signature="runScenario(io.cucumber.testng.PickleWrapper,io.cucumber.testng.FeatureWrapper)[pri:0, instance:runners.TestRunner@43aaf813]" started-at="2024-10-29T16:15:18 EDT" name="runScenario" description="Runs Cucumber Scenarios" data-provider="scenarios" finished-at="2024-10-29T16:15:18 EDT" duration-ms="62" status="FAIL">
          <params>
            <param index="0">
              <value>
                <![CDATA["Validate login credentials with null Adminname"]]>
              </value>
            </param>
            <param index="1">
              <value>
                <![CDATA["login"]]>
              </value>
            </param>
          </params>
          <exception class="java.lang.NullPointerException">
            <message>
              <![CDATA[Cannot invoke "org.openqa.selenium.WebDriver.findElement(org.openqa.selenium.By)" because "pageObjectModel.LoginPage.driver" is null]]>
            </message>
            <full-stacktrace>
              <![CDATA[java.lang.NullPointerException: Cannot invoke "org.openqa.selenium.WebDriver.findElement(org.openqa.selenium.By)" because "pageObjectModel.LoginPage.driver" is null
at pageObjectModel.LoginPage.onlypassword(LoginPage.java:276)
at stepDefinition.LoginSteps.admin_enter_value_only_in_password_and_clicks_login_button_vh(LoginSteps.java:159)
at ✽.Admin enter value only in password and clicks login button vh(file:///C:/Users/banda/git/Team12_SeleniumHackathon/Team_12_LMS_Oct_2024/./src/test/resources/Features/01Login.feature:96)
]]>
            </full-stacktrace>
          </exception> <!-- java.lang.NullPointerException -->
          <reporter-output>
          </reporter-output>
        </test-method> <!-- runScenario -->
        <test-method signature="runScenario(io.cucumber.testng.PickleWrapper,io.cucumber.testng.FeatureWrapper)[pri:0, instance:runners.TestRunner@43aaf813]" started-at="2024-10-29T16:15:18 EDT" name="runScenario" description="Runs Cucumber Scenarios" data-provider="scenarios" finished-at="2024-10-29T16:15:18 EDT" duration-ms="48" status="FAIL">
          <params>
            <param index="0">
              <value>
                <![CDATA["Validate login credentials with null password"]]>
              </value>
            </param>
            <param index="1">
              <value>
                <![CDATA["login"]]>
              </value>
            </param>
          </params>
          <exception class="java.lang.NullPointerException">
            <message>
              <![CDATA[Cannot invoke "org.openqa.selenium.WebDriver.findElement(org.openqa.selenium.By)" because "pageObjectModel.LoginPage.driver" is null]]>
            </message>
            <full-stacktrace>
              <![CDATA[java.lang.NullPointerException: Cannot invoke "org.openqa.selenium.WebDriver.findElement(org.openqa.selenium.By)" because "pageObjectModel.LoginPage.driver" is null
at pageObjectModel.LoginPage.onlyusername(LoginPage.java:272)
at stepDefinition.LoginSteps.admin_enter_value_only_in_adminname_and_clicks_login_button_vh(LoginSteps.java:169)
at ✽.Admin enter value only in Adminname and clicks login button vh(file:///C:/Users/banda/git/Team12_SeleniumHackathon/Team_12_LMS_Oct_2024/./src/test/resources/Features/01Login.feature:101)
]]>
            </full-stacktrace>
          </exception> <!-- java.lang.NullPointerException -->
          <reporter-output>
          </reporter-output>
        </test-method> <!-- runScenario -->
        <test-method signature="runScenario(io.cucumber.testng.PickleWrapper,io.cucumber.testng.FeatureWrapper)[pri:0, instance:runners.TestRunner@43aaf813]" started-at="2024-10-29T16:15:18 EDT" name="runScenario" description="Runs Cucumber Scenarios" data-provider="scenarios" finished-at="2024-10-29T16:15:18 EDT" duration-ms="51" status="FAIL">
          <params>
            <param index="0">
              <value>
                <![CDATA["verify login button action through keyboard"]]>
              </value>
            </param>
            <param index="1">
              <value>
                <![CDATA["login"]]>
              </value>
            </param>
          </params>
          <exception class="java.lang.NullPointerException">
            <message>
              <![CDATA[Cannot invoke "org.openqa.selenium.WebDriver.findElement(org.openqa.selenium.By)" because "pageObjectModel.LoginPage.driver" is null]]>
            </message>
            <full-stacktrace>
              <![CDATA[java.lang.NullPointerException: Cannot invoke "org.openqa.selenium.WebDriver.findElement(org.openqa.selenium.By)" because "pageObjectModel.LoginPage.driver" is null
at pageObjectModel.LoginPage.validcredencialwithkeyboard(LoginPage.java:280)
at stepDefinition.LoginSteps.admin_enter_valid_credentials_and_clicks_login_button_through_keyboard_vh(LoginSteps.java:179)
at ✽.Admin enter valid credentials and clicks login button through keyboard vh(file:///C:/Users/banda/git/Team12_SeleniumHackathon/Team_12_LMS_Oct_2024/./src/test/resources/Features/01Login.feature:106)
]]>
            </full-stacktrace>
          </exception> <!-- java.lang.NullPointerException -->
          <reporter-output>
          </reporter-output>
        </test-method> <!-- runScenario -->
        <test-method signature="runScenario(io.cucumber.testng.PickleWrapper,io.cucumber.testng.FeatureWrapper)[pri:0, instance:runners.TestRunner@43aaf813]" started-at="2024-10-29T16:15:18 EDT" name="runScenario" description="Runs Cucumber Scenarios" data-provider="scenarios" finished-at="2024-10-29T16:15:18 EDT" duration-ms="43" status="FAIL">
          <params>
            <param index="0">
              <value>
                <![CDATA["verify login button action through mouse"]]>
              </value>
            </param>
            <param index="1">
              <value>
                <![CDATA["login"]]>
              </value>
            </param>
          </params>
          <exception class="java.lang.NullPointerException">
            <message>
              <![CDATA[Cannot invoke "org.openqa.selenium.WebDriver.findElement(org.openqa.selenium.By)" because "pageObjectModel.LoginPage.driver" is null]]>
            </message>
            <full-stacktrace>
              <![CDATA[java.lang.NullPointerException: Cannot invoke "org.openqa.selenium.WebDriver.findElement(org.openqa.selenium.By)" because "pageObjectModel.LoginPage.driver" is null
at pageObjectModel.LoginPage.validcredencial(LoginPage.java:266)
at stepDefinition.LoginSteps.admin_enter_valid_credentials_and_clicks_login_button_through_mouse_vh(LoginSteps.java:189)
at ✽.Admin enter valid credentials and clicks login button through mouse vh(file:///C:/Users/banda/git/Team12_SeleniumHackathon/Team_12_LMS_Oct_2024/./src/test/resources/Features/01Login.feature:111)
]]>
            </full-stacktrace>
          </exception> <!-- java.lang.NullPointerException -->
          <reporter-output>
          </reporter-output>
        </test-method> <!-- runScenario -->
        <test-method signature="runScenario(io.cucumber.testng.PickleWrapper,io.cucumber.testng.FeatureWrapper)[pri:0, instance:runners.TestRunner@43aaf813]" started-at="2024-10-29T16:15:18 EDT" name="runScenario" description="Runs Cucumber Scenarios" data-provider="scenarios" finished-at="2024-10-29T16:15:20 EDT" duration-ms="1650" status="PASS">
          <params>
            <param index="0">
              <value>
                <![CDATA["Login"]]>
              </value>
            </param>
            <param index="1">
              <value>
                <![CDATA["Dashboard Functionality"]]>
              </value>
            </param>
          </params>
          <reporter-output>
          </reporter-output>
        </test-method> <!-- runScenario -->
        <test-method signature="runScenario(io.cucumber.testng.PickleWrapper,io.cucumber.testng.FeatureWrapper)[pri:0, instance:runners.TestRunner@43aaf813]" started-at="2024-10-29T16:15:20 EDT" name="runScenario" description="Runs Cucumber Scenarios" data-provider="scenarios" finished-at="2024-10-29T16:15:20 EDT" duration-ms="60" status="PASS">
          <params>
            <param index="0">
              <value>
                <![CDATA["Verify after login Admin lands on dashboard pageKP"]]>
              </value>
            </param>
            <param index="1">
              <value>
                <![CDATA["Dashboard Functionality"]]>
              </value>
            </param>
          </params>
          <reporter-output>
          </reporter-output>
        </test-method> <!-- runScenario -->
        <test-method signature="runScenario(io.cucumber.testng.PickleWrapper,io.cucumber.testng.FeatureWrapper)[pri:0, instance:runners.TestRunner@43aaf813]" started-at="2024-10-29T16:15:20 EDT" name="runScenario" description="Runs Cucumber Scenarios" data-provider="scenarios" finished-at="2024-10-29T16:15:20 EDT" duration-ms="86" status="FAIL">
          <params>
            <param index="0">
              <value>
                <![CDATA["Admin Verify the response time"]]>
              </value>
            </param>
            <param index="1">
              <value>
                <![CDATA["Dashboard Functionality"]]>
              </value>
            </param>
          </params>
          <exception class="java.lang.NullPointerException">
            <message>
              <![CDATA[Cannot invoke "org.openqa.selenium.WebDriver.manage()" because "pageObjectModel.DashboardPage.driver" is null]]>
            </message>
            <full-stacktrace>
              <![CDATA[java.lang.NullPointerException: Cannot invoke "org.openqa.selenium.WebDriver.manage()" because "pageObjectModel.DashboardPage.driver" is null
at pageObjectModel.DashboardPage.pagenavi(DashboardPage.java:96)
at stepDefinition.DashboardStep.maximun_navigation_time_in_milliseconds_defaults_to_seconds(DashboardStep.java:46)
at ✽.Maximun navigation time in milliseconds, defaults to 30 seconds(file:///C:/Users/banda/git/Team12_SeleniumHackathon/Team_12_LMS_Oct_2024/./src/test/resources/Features/02Dashboard.feature:15)
]]>
            </full-stacktrace>
          </exception> <!-- java.lang.NullPointerException -->
          <reporter-output>
          </reporter-output>
        </test-method> <!-- runScenario -->
        <test-method signature="runScenario(io.cucumber.testng.PickleWrapper,io.cucumber.testng.FeatureWrapper)[pri:0, instance:runners.TestRunner@43aaf813]" started-at="2024-10-29T16:15:20 EDT" name="runScenario" description="Runs Cucumber Scenarios" data-provider="scenarios" finished-at="2024-10-29T16:15:20 EDT" duration-ms="84" status="PASS">
          <params>
            <param index="0">
              <value>
                <![CDATA["Admin verify broken link"]]>
              </value>
            </param>
            <param index="1">
              <value>
                <![CDATA["Dashboard Functionality"]]>
              </value>
            </param>
          </params>
          <reporter-output>
          </reporter-output>
        </test-method> <!-- runScenario -->
        <test-method signature="runScenario(io.cucumber.testng.PickleWrapper,io.cucumber.testng.FeatureWrapper)[pri:0, instance:runners.TestRunner@43aaf813]" started-at="2024-10-29T16:15:20 EDT" name="runScenario" description="Runs Cucumber Scenarios" data-provider="scenarios" finished-at="2024-10-29T16:15:25 EDT" duration-ms="5160" status="PASS">
          <params>
            <param index="0">
              <value>
                <![CDATA["Admin verify LMS title"]]>
              </value>
            </param>
            <param index="1">
              <value>
                <![CDATA["Dashboard Functionality"]]>
              </value>
            </param>
          </params>
          <reporter-output>
          </reporter-output>
        </test-method> <!-- runScenario -->
        <test-method signature="runScenario(io.cucumber.testng.PickleWrapper,io.cucumber.testng.FeatureWrapper)[pri:0, instance:runners.TestRunner@43aaf813]" started-at="2024-10-29T16:15:25 EDT" name="runScenario" description="Runs Cucumber Scenarios" data-provider="scenarios" finished-at="2024-10-29T16:15:25 EDT" duration-ms="157" status="PASS">
          <params>
            <param index="0">
              <value>
                <![CDATA["Admin Verify LMS title alignment"]]>
              </value>
            </param>
            <param index="1">
              <value>
                <![CDATA["Dashboard Functionality"]]>
              </value>
            </param>
          </params>
          <reporter-output>
          </reporter-output>
        </test-method> <!-- runScenario -->
        <test-method signature="runScenario(io.cucumber.testng.PickleWrapper,io.cucumber.testng.FeatureWrapper)[pri:0, instance:runners.TestRunner@43aaf813]" started-at="2024-10-29T16:15:25 EDT" name="runScenario" description="Runs Cucumber Scenarios" data-provider="scenarios" finished-at="2024-10-29T16:15:26 EDT" duration-ms="308" status="PASS">
          <params>
            <param index="0">
              <value>
                <![CDATA["Admin Validate navigation bar text"]]>
              </value>
            </param>
            <param index="1">
              <value>
                <![CDATA["Dashboard Functionality"]]>
              </value>
            </param>
          </params>
          <reporter-output>
          </reporter-output>
        </test-method> <!-- runScenario -->
        <test-method signature="runScenario(io.cucumber.testng.PickleWrapper,io.cucumber.testng.FeatureWrapper)[pri:0, instance:runners.TestRunner@43aaf813]" started-at="2024-10-29T16:15:26 EDT" name="runScenario" description="Runs Cucumber Scenarios" data-provider="scenarios" finished-at="2024-10-29T16:15:26 EDT" duration-ms="154" status="PASS">
          <params>
            <param index="0">
              <value>
                <![CDATA["Admin Validate LMS title has correct spelling and space"]]>
              </value>
            </param>
            <param index="1">
              <value>
                <![CDATA["Dashboard Functionality"]]>
              </value>
            </param>
          </params>
          <reporter-output>
          </reporter-output>
        </test-method> <!-- runScenario -->
        <test-method signature="runScenario(io.cucumber.testng.PickleWrapper,io.cucumber.testng.FeatureWrapper)[pri:0, instance:runners.TestRunner@43aaf813]" started-at="2024-10-29T16:15:26 EDT" name="runScenario" description="Runs Cucumber Scenarios" data-provider="scenarios" finished-at="2024-10-29T16:15:26 EDT" duration-ms="143" status="PASS">
          <params>
            <param index="0">
              <value>
                <![CDATA["Admin Validate alignment for navigation bar"]]>
              </value>
            </param>
            <param index="1">
              <value>
                <![CDATA["Dashboard Functionality"]]>
              </value>
            </param>
          </params>
          <reporter-output>
          </reporter-output>
        </test-method> <!-- runScenario -->
        <test-method signature="runScenario(io.cucumber.testng.PickleWrapper,io.cucumber.testng.FeatureWrapper)[pri:0, instance:runners.TestRunner@43aaf813]" started-at="2024-10-29T16:15:26 EDT" name="runScenario" description="Runs Cucumber Scenarios" data-provider="scenarios" finished-at="2024-10-29T16:15:26 EDT" duration-ms="44" status="PASS">
          <params>
            <param index="0">
              <value>
                <![CDATA["Admin Validate navigation bar order 1st home"]]>
              </value>
            </param>
            <param index="1">
              <value>
                <![CDATA["Dashboard Functionality"]]>
              </value>
            </param>
          </params>
          <reporter-output>
          </reporter-output>
        </test-method> <!-- runScenario -->
        <test-method signature="runScenario(io.cucumber.testng.PickleWrapper,io.cucumber.testng.FeatureWrapper)[pri:0, instance:runners.TestRunner@43aaf813]" started-at="2024-10-29T16:15:26 EDT" name="runScenario" description="Runs Cucumber Scenarios" data-provider="scenarios" finished-at="2024-10-29T16:15:26 EDT" duration-ms="102" status="PASS">
          <params>
            <param index="0">
              <value>
                <![CDATA["Admin Validate navigation bar order 2nd program"]]>
              </value>
            </param>
            <param index="1">
              <value>
                <![CDATA["Dashboard Functionality"]]>
              </value>
            </param>
          </params>
          <reporter-output>
          </reporter-output>
        </test-method> <!-- runScenario -->
        <test-method signature="runScenario(io.cucumber.testng.PickleWrapper,io.cucumber.testng.FeatureWrapper)[pri:0, instance:runners.TestRunner@43aaf813]" started-at="2024-10-29T16:15:26 EDT" name="runScenario" description="Runs Cucumber Scenarios" data-provider="scenarios" finished-at="2024-10-29T16:15:26 EDT" duration-ms="110" status="PASS">
          <params>
            <param index="0">
              <value>
                <![CDATA["Admin Validate navigation bar order 3rd batch"]]>
              </value>
            </param>
            <param index="1">
              <value>
                <![CDATA["Dashboard Functionality"]]>
              </value>
            </param>
          </params>
          <reporter-output>
          </reporter-output>
        </test-method> <!-- runScenario -->
        <test-method signature="runScenario(io.cucumber.testng.PickleWrapper,io.cucumber.testng.FeatureWrapper)[pri:0, instance:runners.TestRunner@43aaf813]" started-at="2024-10-29T16:15:26 EDT" name="runScenario" description="Runs Cucumber Scenarios" data-provider="scenarios" finished-at="2024-10-29T16:15:26 EDT" duration-ms="84" status="PASS">
          <params>
            <param index="0">
              <value>
                <![CDATA["Admin Validate navigation bar order 4th class"]]>
              </value>
            </param>
            <param index="1">
              <value>
                <![CDATA["Dashboard Functionality"]]>
              </value>
            </param>
          </params>
          <reporter-output>
          </reporter-output>
        </test-method> <!-- runScenario -->
        <test-method signature="runScenario(io.cucumber.testng.PickleWrapper,io.cucumber.testng.FeatureWrapper)[pri:0, instance:runners.TestRunner@43aaf813]" started-at="2024-10-29T16:15:26 EDT" name="runScenario" description="Runs Cucumber Scenarios" data-provider="scenarios" finished-at="2024-10-29T16:15:26 EDT" duration-ms="74" status="PASS">
          <params>
            <param index="0">
              <value>
                <![CDATA["Admin validate navigation bar order 5 th logout"]]>
              </value>
            </param>
            <param index="1">
              <value>
                <![CDATA["Dashboard Functionality"]]>
              </value>
            </param>
          </params>
          <reporter-output>
          </reporter-output>
        </test-method> <!-- runScenario -->
        <test-method signature="runScenario(io.cucumber.testng.PickleWrapper,io.cucumber.testng.FeatureWrapper)[pri:0, instance:runners.TestRunner@43aaf813]" started-at="2024-10-29T16:15:26 EDT" name="runScenario" description="Runs Cucumber Scenarios" data-provider="scenarios" finished-at="2024-10-29T16:15:28 EDT" duration-ms="1525" status="FAIL">
          <params>
            <param index="0">
              <value>
                <![CDATA["Verify that Admin is able to navigate to Program module"]]>
              </value>
            </param>
            <param index="1">
              <value>
                <![CDATA["Navigation"]]>
              </value>
            </param>
          </params>
          <exception class="java.lang.NullPointerException">
            <message>
              <![CDATA[Cannot invoke "org.openqa.selenium.WebDriver.manage()" because "pageObjectModel.ProgramPage.driver" is null]]>
            </message>
            <full-stacktrace>
              <![CDATA[java.lang.NullPointerException: Cannot invoke "org.openqa.selenium.WebDriver.manage()" because "pageObjectModel.ProgramPage.driver" is null
at pageObjectModel.ProgramPage.clickProgram(ProgramPage.java:164)
at stepDefinition.ProgramSteps.admin_clicks_on_the_navigation_bar(ProgramSteps.java:30)
at ✽.Admin clicks Program on the navigation bar SM(file:///C:/Users/banda/git/Team12_SeleniumHackathon/Team_12_LMS_Oct_2024/./src/test/resources/Features/03Program.feature:7)
]]>
            </full-stacktrace>
          </exception> <!-- java.lang.NullPointerException -->
          <reporter-output>
          </reporter-output>
        </test-method> <!-- runScenario -->
        <test-method signature="runScenario(io.cucumber.testng.PickleWrapper,io.cucumber.testng.FeatureWrapper)[pri:0, instance:runners.TestRunner@43aaf813]" started-at="2024-10-29T16:15:28 EDT" name="runScenario" description="Runs Cucumber Scenarios" data-provider="scenarios" finished-at="2024-10-29T16:15:30 EDT" duration-ms="1640" status="FAIL">
          <params>
            <param index="0">
              <value>
                <![CDATA["Verify heading in menu bar"]]>
              </value>
            </param>
            <param index="1">
              <value>
                <![CDATA["Navigation"]]>
              </value>
            </param>
          </params>
          <exception class="java.lang.NullPointerException">
            <message>
              <![CDATA[Cannot invoke "org.openqa.selenium.WebDriver.manage()" because "pageObjectModel.ProgramPage.driver" is null]]>
            </message>
            <full-stacktrace>
              <![CDATA[java.lang.NullPointerException: Cannot invoke "org.openqa.selenium.WebDriver.manage()" because "pageObjectModel.ProgramPage.driver" is null
at pageObjectModel.ProgramPage.clickProgram(ProgramPage.java:164)
at stepDefinition.ProgramSteps.admin_clicks_on_the_navigation_bar(ProgramSteps.java:30)
at ✽.Admin clicks Program on the navigation bar SM(file:///C:/Users/banda/git/Team12_SeleniumHackathon/Team_12_LMS_Oct_2024/./src/test/resources/Features/03Program.feature:17)
]]>
            </full-stacktrace>
          </exception> <!-- java.lang.NullPointerException -->
          <reporter-output>
          </reporter-output>
        </test-method> <!-- runScenario -->
        <test-method signature="runScenario(io.cucumber.testng.PickleWrapper,io.cucumber.testng.FeatureWrapper)[pri:0, instance:runners.TestRunner@43aaf813]" started-at="2024-10-29T16:15:30 EDT" name="runScenario" description="Runs Cucumber Scenarios" data-provider="scenarios" finished-at="2024-10-29T16:15:31 EDT" duration-ms="1699" status="FAIL">
          <params>
            <param index="0">
              <value>
                <![CDATA["Verify Logout displayed in menu bar"]]>
              </value>
            </param>
            <param index="1">
              <value>
                <![CDATA["Navigation"]]>
              </value>
            </param>
          </params>
          <exception class="java.lang.NullPointerException">
            <message>
              <![CDATA[Cannot invoke "org.openqa.selenium.WebDriver.manage()" because "pageObjectModel.ProgramPage.driver" is null]]>
            </message>
            <full-stacktrace>
              <![CDATA[java.lang.NullPointerException: Cannot invoke "org.openqa.selenium.WebDriver.manage()" because "pageObjectModel.ProgramPage.driver" is null
at pageObjectModel.ProgramPage.clickProgram(ProgramPage.java:164)
at stepDefinition.ProgramSteps.admin_clicks_on_the_navigation_bar(ProgramSteps.java:30)
at ✽.Admin clicks Program on the navigation bar SM(file:///C:/Users/banda/git/Team12_SeleniumHackathon/Team_12_LMS_Oct_2024/./src/test/resources/Features/03Program.feature:27)
]]>
            </full-stacktrace>
          </exception> <!-- java.lang.NullPointerException -->
          <reporter-output>
          </reporter-output>
        </test-method> <!-- runScenario -->
        <test-method signature="runScenario(io.cucumber.testng.PickleWrapper,io.cucumber.testng.FeatureWrapper)[pri:0, instance:runners.TestRunner@43aaf813]" started-at="2024-10-29T16:15:31 EDT" name="runScenario" description="Runs Cucumber Scenarios" data-provider="scenarios" finished-at="2024-10-29T16:15:33 EDT" duration-ms="1415" status="FAIL">
          <params>
            <param index="0">
              <value>
                <![CDATA["Verify sub menu displayed in program menu bar"]]>
              </value>
            </param>
            <param index="1">
              <value>
                <![CDATA["Navigation"]]>
              </value>
            </param>
          </params>
          <exception class="java.lang.NullPointerException">
            <message>
              <![CDATA[Cannot invoke "org.openqa.selenium.WebDriver.manage()" because "pageObjectModel.ProgramPage.driver" is null]]>
            </message>
            <full-stacktrace>
              <![CDATA[java.lang.NullPointerException: Cannot invoke "org.openqa.selenium.WebDriver.manage()" because "pageObjectModel.ProgramPage.driver" is null
at pageObjectModel.ProgramPage.clickProgram(ProgramPage.java:164)
at stepDefinition.ProgramSteps.admin_clicks_on_the_navigation_bar(ProgramSteps.java:30)
at ✽.Admin clicks Program on the navigation bar SM(file:///C:/Users/banda/git/Team12_SeleniumHackathon/Team_12_LMS_Oct_2024/./src/test/resources/Features/03Program.feature:33)
]]>
            </full-stacktrace>
          </exception> <!-- java.lang.NullPointerException -->
          <reporter-output>
          </reporter-output>
        </test-method> <!-- runScenario -->
        <test-method signature="runScenario(io.cucumber.testng.PickleWrapper,io.cucumber.testng.FeatureWrapper)[pri:0, instance:runners.TestRunner@43aaf813]" started-at="2024-10-29T16:15:33 EDT" name="runScenario" description="Runs Cucumber Scenarios" data-provider="scenarios" finished-at="2024-10-29T16:15:34 EDT" duration-ms="1739" status="FAIL">
          <params>
            <param index="0">
              <value>
                <![CDATA["Verify heading in manage program"]]>
              </value>
            </param>
            <param index="1">
              <value>
                <![CDATA["Navigation"]]>
              </value>
            </param>
          </params>
          <exception class="java.lang.NullPointerException">
            <message>
              <![CDATA[Cannot invoke "org.openqa.selenium.WebDriver.manage()" because "pageObjectModel.ProgramPage.driver" is null]]>
            </message>
            <full-stacktrace>
              <![CDATA[java.lang.NullPointerException: Cannot invoke "org.openqa.selenium.WebDriver.manage()" because "pageObjectModel.ProgramPage.driver" is null
at pageObjectModel.ProgramPage.clickProgram(ProgramPage.java:164)
at stepDefinition.ProgramSteps.admin_clicks_on_the_navigation_bar(ProgramSteps.java:30)
at ✽.Admin clicks Program on the navigation bar SM(file:///C:/Users/banda/git/Team12_SeleniumHackathon/Team_12_LMS_Oct_2024/./src/test/resources/Features/03Program.feature:38)
]]>
            </full-stacktrace>
          </exception> <!-- java.lang.NullPointerException -->
          <reporter-output>
          </reporter-output>
        </test-method> <!-- runScenario -->
        <test-method signature="runScenario(io.cucumber.testng.PickleWrapper,io.cucumber.testng.FeatureWrapper)[pri:0, instance:runners.TestRunner@43aaf813]" started-at="2024-10-29T16:15:34 EDT" name="runScenario" description="Runs Cucumber Scenarios" data-provider="scenarios" finished-at="2024-10-29T16:15:36 EDT" duration-ms="1754" status="FAIL">
          <params>
            <param index="0">
              <value>
                <![CDATA["Verify view details of programs"]]>
              </value>
            </param>
            <param index="1">
              <value>
                <![CDATA["Navigation"]]>
              </value>
            </param>
          </params>
          <exception class="java.lang.NullPointerException">
            <message>
              <![CDATA[Cannot invoke "org.openqa.selenium.WebDriver.manage()" because "pageObjectModel.ProgramPage.driver" is null]]>
            </message>
            <full-stacktrace>
              <![CDATA[java.lang.NullPointerException: Cannot invoke "org.openqa.selenium.WebDriver.manage()" because "pageObjectModel.ProgramPage.driver" is null
at pageObjectModel.ProgramPage.clickProgram(ProgramPage.java:164)
at stepDefinition.ProgramSteps.admin_clicks_on_the_navigation_bar(ProgramSteps.java:30)
at ✽.Admin clicks Program on the navigation bar SM(file:///C:/Users/banda/git/Team12_SeleniumHackathon/Team_12_LMS_Oct_2024/./src/test/resources/Features/03Program.feature:43)
]]>
            </full-stacktrace>
          </exception> <!-- java.lang.NullPointerException -->
          <reporter-output>
          </reporter-output>
        </test-method> <!-- runScenario -->
        <test-method signature="runScenario(io.cucumber.testng.PickleWrapper,io.cucumber.testng.FeatureWrapper)[pri:0, instance:runners.TestRunner@43aaf813]" started-at="2024-10-29T16:15:36 EDT" name="runScenario" description="Runs Cucumber Scenarios" data-provider="scenarios" finished-at="2024-10-29T16:15:38 EDT" duration-ms="2130" status="FAIL">
          <params>
            <param index="0">
              <value>
                <![CDATA["Verify the Multiple Delete button state"]]>
              </value>
            </param>
            <param index="1">
              <value>
                <![CDATA["Navigation"]]>
              </value>
            </param>
          </params>
          <exception class="java.lang.NullPointerException">
            <message>
              <![CDATA[Cannot invoke "org.openqa.selenium.WebDriver.manage()" because "pageObjectModel.ProgramPage.driver" is null]]>
            </message>
            <full-stacktrace>
              <![CDATA[java.lang.NullPointerException: Cannot invoke "org.openqa.selenium.WebDriver.manage()" because "pageObjectModel.ProgramPage.driver" is null
at pageObjectModel.ProgramPage.clickProgram(ProgramPage.java:164)
at stepDefinition.ProgramSteps.admin_clicks_on_the_navigation_bar(ProgramSteps.java:30)
at ✽.Admin clicks Program on the navigation bar SM(file:///C:/Users/banda/git/Team12_SeleniumHackathon/Team_12_LMS_Oct_2024/./src/test/resources/Features/03Program.feature:48)
]]>
            </full-stacktrace>
          </exception> <!-- java.lang.NullPointerException -->
          <reporter-output>
          </reporter-output>
        </test-method> <!-- runScenario -->
        <test-method signature="runScenario(io.cucumber.testng.PickleWrapper,io.cucumber.testng.FeatureWrapper)[pri:0, instance:runners.TestRunner@43aaf813]" started-at="2024-10-29T16:15:38 EDT" name="runScenario" description="Runs Cucumber Scenarios" data-provider="scenarios" finished-at="2024-10-29T16:15:40 EDT" duration-ms="1736" status="FAIL">
          <params>
            <param index="0">
              <value>
                <![CDATA["Verify the Search button"]]>
              </value>
            </param>
            <param index="1">
              <value>
                <![CDATA["Navigation"]]>
              </value>
            </param>
          </params>
          <exception class="java.lang.NullPointerException">
            <message>
              <![CDATA[Cannot invoke "org.openqa.selenium.WebDriver.manage()" because "pageObjectModel.ProgramPage.driver" is null]]>
            </message>
            <full-stacktrace>
              <![CDATA[java.lang.NullPointerException: Cannot invoke "org.openqa.selenium.WebDriver.manage()" because "pageObjectModel.ProgramPage.driver" is null
at pageObjectModel.ProgramPage.clickProgram(ProgramPage.java:164)
at stepDefinition.ProgramSteps.admin_clicks_on_the_navigation_bar(ProgramSteps.java:30)
at ✽.Admin clicks Program on the navigation bar SM(file:///C:/Users/banda/git/Team12_SeleniumHackathon/Team_12_LMS_Oct_2024/./src/test/resources/Features/03Program.feature:53)
]]>
            </full-stacktrace>
          </exception> <!-- java.lang.NullPointerException -->
          <reporter-output>
          </reporter-output>
        </test-method> <!-- runScenario -->
        <test-method signature="runScenario(io.cucumber.testng.PickleWrapper,io.cucumber.testng.FeatureWrapper)[pri:0, instance:runners.TestRunner@43aaf813]" started-at="2024-10-29T16:15:40 EDT" name="runScenario" description="Runs Cucumber Scenarios" data-provider="scenarios" finished-at="2024-10-29T16:15:41 EDT" duration-ms="1466" status="FAIL">
          <params>
            <param index="0">
              <value>
                <![CDATA["Verify column header name of data table"]]>
              </value>
            </param>
            <param index="1">
              <value>
                <![CDATA["Navigation"]]>
              </value>
            </param>
          </params>
          <exception class="java.lang.NullPointerException">
            <message>
              <![CDATA[Cannot invoke "org.openqa.selenium.WebDriver.manage()" because "pageObjectModel.ProgramPage.driver" is null]]>
            </message>
            <full-stacktrace>
              <![CDATA[java.lang.NullPointerException: Cannot invoke "org.openqa.selenium.WebDriver.manage()" because "pageObjectModel.ProgramPage.driver" is null
at pageObjectModel.ProgramPage.clickProgram(ProgramPage.java:164)
at stepDefinition.ProgramSteps.admin_clicks_on_the_navigation_bar(ProgramSteps.java:30)
at ✽.Admin clicks Program on the navigation bar SM(file:///C:/Users/banda/git/Team12_SeleniumHackathon/Team_12_LMS_Oct_2024/./src/test/resources/Features/03Program.feature:58)
]]>
            </full-stacktrace>
          </exception> <!-- java.lang.NullPointerException -->
          <reporter-output>
          </reporter-output>
        </test-method> <!-- runScenario -->
        <test-method signature="runScenario(io.cucumber.testng.PickleWrapper,io.cucumber.testng.FeatureWrapper)[pri:0, instance:runners.TestRunner@43aaf813]" started-at="2024-10-29T16:15:41 EDT" name="runScenario" description="Runs Cucumber Scenarios" data-provider="scenarios" finished-at="2024-10-29T16:15:43 EDT" duration-ms="1382" status="FAIL">
          <params>
            <param index="0">
              <value>
                <![CDATA["Verify checkbox default state beside Program Name column header"]]>
              </value>
            </param>
            <param index="1">
              <value>
                <![CDATA["Navigation"]]>
              </value>
            </param>
          </params>
          <exception class="java.lang.NullPointerException">
            <message>
              <![CDATA[Cannot invoke "org.openqa.selenium.WebDriver.manage()" because "pageObjectModel.ProgramPage.driver" is null]]>
            </message>
            <full-stacktrace>
              <![CDATA[java.lang.NullPointerException: Cannot invoke "org.openqa.selenium.WebDriver.manage()" because "pageObjectModel.ProgramPage.driver" is null
at pageObjectModel.ProgramPage.clickProgram(ProgramPage.java:164)
at stepDefinition.ProgramSteps.admin_clicks_on_the_navigation_bar(ProgramSteps.java:30)
at ✽.Admin clicks Program on the navigation bar SM(file:///C:/Users/banda/git/Team12_SeleniumHackathon/Team_12_LMS_Oct_2024/./src/test/resources/Features/03Program.feature:63)
]]>
            </full-stacktrace>
          </exception> <!-- java.lang.NullPointerException -->
          <reporter-output>
          </reporter-output>
        </test-method> <!-- runScenario -->
        <test-method signature="runScenario(io.cucumber.testng.PickleWrapper,io.cucumber.testng.FeatureWrapper)[pri:0, instance:runners.TestRunner@43aaf813]" started-at="2024-10-29T16:15:43 EDT" name="runScenario" description="Runs Cucumber Scenarios" data-provider="scenarios" finished-at="2024-10-29T16:15:44 EDT" duration-ms="1360" status="FAIL">
          <params>
            <param index="0">
              <value>
                <![CDATA["Verify checkboxes default state beside each Program names in the data table"]]>
              </value>
            </param>
            <param index="1">
              <value>
                <![CDATA["Navigation"]]>
              </value>
            </param>
          </params>
          <exception class="java.lang.NullPointerException">
            <message>
              <![CDATA[Cannot invoke "org.openqa.selenium.WebDriver.manage()" because "pageObjectModel.ProgramPage.driver" is null]]>
            </message>
            <full-stacktrace>
              <![CDATA[java.lang.NullPointerException: Cannot invoke "org.openqa.selenium.WebDriver.manage()" because "pageObjectModel.ProgramPage.driver" is null
at pageObjectModel.ProgramPage.clickProgram(ProgramPage.java:164)
at stepDefinition.ProgramSteps.admin_clicks_on_the_navigation_bar(ProgramSteps.java:30)
at ✽.Admin clicks Program on the navigation bar SM(file:///C:/Users/banda/git/Team12_SeleniumHackathon/Team_12_LMS_Oct_2024/./src/test/resources/Features/03Program.feature:68)
]]>
            </full-stacktrace>
          </exception> <!-- java.lang.NullPointerException -->
          <reporter-output>
          </reporter-output>
        </test-method> <!-- runScenario -->
        <test-method signature="runScenario(io.cucumber.testng.PickleWrapper,io.cucumber.testng.FeatureWrapper)[pri:0, instance:runners.TestRunner@43aaf813]" started-at="2024-10-29T16:15:44 EDT" name="runScenario" description="Runs Cucumber Scenarios" data-provider="scenarios" finished-at="2024-10-29T16:15:46 EDT" duration-ms="1709" status="FAIL">
          <params>
            <param index="0">
              <value>
                <![CDATA["Verify Sort icon in manage program"]]>
              </value>
            </param>
            <param index="1">
              <value>
                <![CDATA["Navigation"]]>
              </value>
            </param>
          </params>
          <exception class="java.lang.NullPointerException">
            <message>
              <![CDATA[Cannot invoke "org.openqa.selenium.WebDriver.manage()" because "pageObjectModel.ProgramPage.driver" is null]]>
            </message>
            <full-stacktrace>
              <![CDATA[java.lang.NullPointerException: Cannot invoke "org.openqa.selenium.WebDriver.manage()" because "pageObjectModel.ProgramPage.driver" is null
at pageObjectModel.ProgramPage.clickProgram(ProgramPage.java:164)
at stepDefinition.ProgramSteps.admin_clicks_on_the_navigation_bar(ProgramSteps.java:30)
at ✽.Admin clicks Program on the navigation bar SM(file:///C:/Users/banda/git/Team12_SeleniumHackathon/Team_12_LMS_Oct_2024/./src/test/resources/Features/03Program.feature:73)
]]>
            </full-stacktrace>
          </exception> <!-- java.lang.NullPointerException -->
          <reporter-output>
          </reporter-output>
        </test-method> <!-- runScenario -->
        <test-method signature="runScenario(io.cucumber.testng.PickleWrapper,io.cucumber.testng.FeatureWrapper)[pri:0, instance:runners.TestRunner@43aaf813]" started-at="2024-10-29T16:15:46 EDT" name="runScenario" description="Runs Cucumber Scenarios" data-provider="scenarios" finished-at="2024-10-29T16:15:46 EDT" duration-ms="55" status="PASS">
          <params>
            <param index="0">
              <value>
                <![CDATA["Admin is on program module after reaching dashboard"]]>
              </value>
            </param>
            <param index="1">
              <value>
                <![CDATA["Navigation"]]>
              </value>
            </param>
          </params>
          <reporter-output>
          </reporter-output>
        </test-method> <!-- runScenario -->
        <test-method signature="runScenario(io.cucumber.testng.PickleWrapper,io.cucumber.testng.FeatureWrapper)[pri:0, instance:runners.TestRunner@43aaf813]" started-at="2024-10-29T16:15:46 EDT" name="runScenario" description="Runs Cucumber Scenarios" data-provider="scenarios" finished-at="2024-10-29T16:15:48 EDT" duration-ms="1555" status="FAIL">
          <params>
            <param index="0">
              <value>
                <![CDATA["Verify add New Program"]]>
              </value>
            </param>
            <param index="1">
              <value>
                <![CDATA["Navigation"]]>
              </value>
            </param>
          </params>
          <exception class="java.lang.NullPointerException">
            <message>
              <![CDATA[Cannot invoke "org.openqa.selenium.WebDriver.manage()" because "pageObjectModel.ProgramPage.driver" is null]]>
            </message>
            <full-stacktrace>
              <![CDATA[java.lang.NullPointerException: Cannot invoke "org.openqa.selenium.WebDriver.manage()" because "pageObjectModel.ProgramPage.driver" is null
at pageObjectModel.ProgramPage.clickProgram(ProgramPage.java:164)
at stepDefinition.ProgramSteps.admin_is_on_program_module(ProgramSteps.java:160)
at ✽.Admin is on Program module(file:///C:/Users/banda/git/Team12_SeleniumHackathon/Team_12_LMS_Oct_2024/./src/test/resources/Features/03Program.feature:94)
]]>
            </full-stacktrace>
          </exception> <!-- java.lang.NullPointerException -->
          <reporter-output>
          </reporter-output>
        </test-method> <!-- runScenario -->
        <test-method signature="runScenario(io.cucumber.testng.PickleWrapper,io.cucumber.testng.FeatureWrapper)[pri:0, instance:runners.TestRunner@43aaf813]" started-at="2024-10-29T16:15:48 EDT" name="runScenario" description="Runs Cucumber Scenarios" data-provider="scenarios" finished-at="2024-10-29T16:15:49 EDT" duration-ms="1516" status="FAIL">
          <params>
            <param index="0">
              <value>
                <![CDATA["Verify title of the pop up window"]]>
              </value>
            </param>
            <param index="1">
              <value>
                <![CDATA["Navigation"]]>
              </value>
            </param>
          </params>
          <exception class="java.lang.NullPointerException">
            <message>
              <![CDATA[Cannot invoke "org.openqa.selenium.WebDriver.manage()" because "pageObjectModel.ProgramPage.driver" is null]]>
            </message>
            <full-stacktrace>
              <![CDATA[java.lang.NullPointerException: Cannot invoke "org.openqa.selenium.WebDriver.manage()" because "pageObjectModel.ProgramPage.driver" is null
at pageObjectModel.ProgramPage.clickProgram(ProgramPage.java:164)
at stepDefinition.ProgramSteps.admin_is_on_program_module(ProgramSteps.java:160)
at ✽.Admin is on Program module(file:///C:/Users/banda/git/Team12_SeleniumHackathon/Team_12_LMS_Oct_2024/./src/test/resources/Features/03Program.feature:99)
]]>
            </full-stacktrace>
          </exception> <!-- java.lang.NullPointerException -->
          <reporter-output>
          </reporter-output>
        </test-method> <!-- runScenario -->
[...]
        </test-method> <!-- runScenario -->
        <test-method signature="runScenario(io.cucumber.testng.PickleWrapper,io.cucumber.testng.FeatureWrapper)[pri:0, instance:runners.TestRunner@43aaf813]" started-at="2024-10-29T16:17:30 EDT" name="runScenario" description="Runs Cucumber Scenarios" data-provider="scenarios" finished-at="2024-10-29T16:17:32 EDT" duration-ms="1263" status="FAIL">
          <params>
            <param index="0">
              <value>
                <![CDATA["userhb is able to navigate from manage class page to batch page"]]>
              </value>
            </param>
            <param index="1">
              <value>
                <![CDATA["Class Module"]]>
              </value>
            </param>
          </params>
          <exception class="org.openqa.selenium.ElementClickInterceptedException">
            <message>
              <![CDATA[element click intercepted: Element <span class="mat-button-wrapper">...</span> is not clickable at point (1312, 31). Other element would receive the click: <div class="ng-tns-c168-7 p-dialog-mask p-component-overlay p-dialog-mask-scrollblocker ng-star-inserted" ng-reflect-ng-class="[object Object]" style="z-index: 1000;">...</div>
  (Session info: chrome=130.0.6723.70)
Build info: version: '4.11.0', revision: '040bc5406b'
System info: os.name: 'Windows 11', os.arch: 'amd64', os.version: '10.0', java.version: '17.0.7'
Driver info: org.openqa.selenium.chrome.ChromeDriver
Command: [73ff715d4e9facfef584313e7cf941b6, clickElement {id=f.E574B401B2B9A599809FF0349E503009.d.F228EBF7998070DA1F805674CFAB00C5.e.847}]
Capabilities {acceptInsecureCerts: false, browserName: chrome, browserVersion: 130.0.6723.70, chrome: {chromedriverVersion: 130.0.6723.69 (3ec172b971b9..., userDataDir: C:\Users\banda\AppData\Loca...}, fedcm:accounts: true, goog:chromeOptions: {debuggerAddress: localhost:57362}, networkConnectionEnabled: false, pageLoadStrategy: normal, platformName: windows, proxy: Proxy(), se:cdp: ws://localhost:57362/devtoo..., se:cdpVersion: 130.0.6723.70, setWindowRect: true, strictFileInteractability: false, timeouts: {implicit: 0, pageLoad: 300000, script: 30000}, unhandledPromptBehavior: dismiss and notify, webauthn:extension:credBlob: true, webauthn:extension:largeBlob: true, webauthn:extension:minPinLength: true, webauthn:extension:prf: true, webauthn:virtualAuthenticators: true}
Element: [[ChromeDriver: chrome on windows (73ff715d4e9facfef584313e7cf941b6)] -> xpath: //span[normalize-space()='Batch']]
Session ID: 73ff715d4e9facfef584313e7cf941b6]]>
            </message>
            <full-stacktrace>
              <![CDATA[org.openqa.selenium.ElementClickInterceptedException: element click intercepted: Element <span class="mat-button-wrapper">...</span> is not clickable at point (1312, 31). Other element would receive the click: <div class="ng-tns-c168-7 p-dialog-mask p-component-overlay p-dialog-mask-scrollblocker ng-star-inserted" ng-reflect-ng-class="[object Object]" style="z-index: 1000;">...</div>
  (Session info: chrome=130.0.6723.70)
Build info: version: '4.11.0', revision: '040bc5406b'
System info: os.name: 'Windows 11', os.arch: 'amd64', os.version: '10.0', java.version: '17.0.7'
Driver info: org.openqa.selenium.chrome.ChromeDriver
Command: [73ff715d4e9facfef584313e7cf941b6, clickElement {id=f.E574B401B2B9A599809FF0349E503009.d.F228EBF7998070DA1F805674CFAB00C5.e.847}]
Capabilities {acceptInsecureCerts: false, browserName: chrome, browserVersion: 130.0.6723.70, chrome: {chromedriverVersion: 130.0.6723.69 (3ec172b971b9..., userDataDir: C:\Users\banda\AppData\Loca...}, fedcm:accounts: true, goog:chromeOptions: {debuggerAddress: localhost:57362}, networkConnectionEnabled: false, pageLoadStrategy: normal, platformName: windows, proxy: Proxy(), se:cdp: ws://localhost:57362/devtoo..., se:cdpVersion: 130.0.6723.70, setWindowRect: true, strictFileInteractability: false, timeouts: {implicit: 0, pageLoad: 300000, script: 30000}, unhandledPromptBehavior: dismiss and notify, webauthn:extension:credBlob: true, webauthn:extension:largeBlob: true, webauthn:extension:minPinLength: true, webauthn:extension:prf: true, webauthn:virtualAuthenticators: true}
Element: [[ChromeDriver: chrome on windows (73ff715d4e9facfef584313e7cf941b6)] -> xpath: //span[normalize-space()='Batch']]
Session ID: 73ff715d4e9facfef584313e7cf941b6
at java.base/jdk.internal.reflect.NativeConstructorAccessorImpl.newInstance0(Native Method)
at java.base/jdk.internal.reflect.NativeConstructorAccessorImpl.newInstance(NativeConstructorAccessorImpl.java:77)
at java.base/jdk.internal.reflect.DelegatingConstructorAccessorImpl.newInstance(DelegatingConstructorAccessorImpl.java:45)
at java.base/java.lang.reflect.Constructor.newInstanceWithCaller(Constructor.java:499)
at java.base/java.lang.reflect.Constructor.newInstance(Constructor.java:480)
at org.openqa.selenium.remote.codec.w3c.W3CHttpResponseCodec.createException(W3CHttpResponseCodec.java:200)
at org.openqa.selenium.remote.codec.w3c.W3CHttpResponseCodec.decode(W3CHttpResponseCodec.java:133)
at org.openqa.selenium.remote.codec.w3c.W3CHttpResponseCodec.decode(W3CHttpResponseCodec.java:52)
at org.openqa.selenium.remote.HttpCommandExecutor.execute(HttpCommandExecutor.java:191)
at org.openqa.selenium.remote.service.DriverCommandExecutor.invokeExecute(DriverCommandExecutor.java:196)
at org.openqa.selenium.remote.service.DriverCommandExecutor.execute(DriverCommandExecutor.java:171)
at org.openqa.selenium.remote.RemoteWebDriver.execute(RemoteWebDriver.java:518)
at org.openqa.selenium.remote.RemoteWebElement.execute(RemoteWebElement.java:224)
at org.openqa.selenium.remote.RemoteWebElement.click(RemoteWebElement.java:77)
at jdk.internal.reflect.GeneratedMethodAccessor159.invoke(Unknown Source)
at java.base/jdk.internal.reflect.DelegatingMethodAccessorImpl.invoke(DelegatingMethodAccessorImpl.java:43)
at java.base/java.lang.reflect.Method.invoke(Method.java:568)
at org.openqa.selenium.support.pagefactory.internal.LocatingElementHandler.invoke(LocatingElementHandler.java:51)
at jdk.proxy2/jdk.proxy2.$Proxy40.click(Unknown Source)
at pageObjectModel.ClassPage.click_batchTab(ClassPage.java:211)
at stepDefinition.ClassSteps.userhb_clicks_batch_button(ClassSteps.java:178)
at ✽.userhb clicks batch button(file:///C:/Users/banda/git/Team12_SeleniumHackathon/Team_12_LMS_Oct_2024/./src/test/resources/Features/05Class.feature:45)
]]>
            </full-stacktrace>
          </exception> <!-- org.openqa.selenium.ElementClickInterceptedException -->
          <reporter-output>
          </reporter-output>
        </test-method> <!-- runScenario -->
        <test-method signature="runScenario(io.cucumber.testng.PickleWrapper,io.cucumber.testng.FeatureWrapper)[pri:0, instance:runners.TestRunner@43aaf813]" started-at="2024-10-29T16:17:32 EDT" name="runScenario" description="Runs Cucumber Scenarios" data-provider="scenarios" finished-at="2024-10-29T16:17:33 EDT" duration-ms="1298" status="FAIL">
          <params>
            <param index="0">
              <value>
                <![CDATA["userhb is able to navigate from manage class page to self"]]>
              </value>
            </param>
            <param index="1">
              <value>
                <![CDATA["Class Module"]]>
              </value>
            </param>
          </params>
          <exception class="org.openqa.selenium.ElementClickInterceptedException">
            <message>
              <![CDATA[element click intercepted: Element <span class="mat-button-wrapper">...</span> is not clickable at point (1379, 31). Other element would receive the click: <div class="ng-tns-c168-7 p-dialog-mask p-component-overlay p-dialog-mask-scrollblocker ng-star-inserted" ng-reflect-ng-class="[object Object]" style="z-index: 1000;">...</div>
  (Session info: chrome=130.0.6723.70)
Build info: version: '4.11.0', revision: '040bc5406b'
System info: os.name: 'Windows 11', os.arch: 'amd64', os.version: '10.0', java.version: '17.0.7'
Driver info: org.openqa.selenium.chrome.ChromeDriver
Command: [73ff715d4e9facfef584313e7cf941b6, clickElement {id=f.E574B401B2B9A599809FF0349E503009.d.F228EBF7998070DA1F805674CFAB00C5.e.793}]
Capabilities {acceptInsecureCerts: false, browserName: chrome, browserVersion: 130.0.6723.70, chrome: {chromedriverVersion: 130.0.6723.69 (3ec172b971b9..., userDataDir: C:\Users\banda\AppData\Loca...}, fedcm:accounts: true, goog:chromeOptions: {debuggerAddress: localhost:57362}, networkConnectionEnabled: false, pageLoadStrategy: normal, platformName: windows, proxy: Proxy(), se:cdp: ws://localhost:57362/devtoo..., se:cdpVersion: 130.0.6723.70, setWindowRect: true, strictFileInteractability: false, timeouts: {implicit: 0, pageLoad: 300000, script: 30000}, unhandledPromptBehavior: dismiss and notify, webauthn:extension:credBlob: true, webauthn:extension:largeBlob: true, webauthn:extension:minPinLength: true, webauthn:extension:prf: true, webauthn:virtualAuthenticators: true}
Element: [[ChromeDriver: chrome on windows (73ff715d4e9facfef584313e7cf941b6)] -> xpath: //span[normalize-space()='Class']]
Session ID: 73ff715d4e9facfef584313e7cf941b6]]>
            </message>
            <full-stacktrace>
              <![CDATA[org.openqa.selenium.ElementClickInterceptedException: element click intercepted: Element <span class="mat-button-wrapper">...</span> is not clickable at point (1379, 31). Other element would receive the click: <div class="ng-tns-c168-7 p-dialog-mask p-component-overlay p-dialog-mask-scrollblocker ng-star-inserted" ng-reflect-ng-class="[object Object]" style="z-index: 1000;">...</div>
  (Session info: chrome=130.0.6723.70)
Build info: version: '4.11.0', revision: '040bc5406b'
System info: os.name: 'Windows 11', os.arch: 'amd64', os.version: '10.0', java.version: '17.0.7'
Driver info: org.openqa.selenium.chrome.ChromeDriver
Command: [73ff715d4e9facfef584313e7cf941b6, clickElement {id=f.E574B401B2B9A599809FF0349E503009.d.F228EBF7998070DA1F805674CFAB00C5.e.793}]
Capabilities {acceptInsecureCerts: false, browserName: chrome, browserVersion: 130.0.6723.70, chrome: {chromedriverVersion: 130.0.6723.69 (3ec172b971b9..., userDataDir: C:\Users\banda\AppData\Loca...}, fedcm:accounts: true, goog:chromeOptions: {debuggerAddress: localhost:57362}, networkConnectionEnabled: false, pageLoadStrategy: normal, platformName: windows, proxy: Proxy(), se:cdp: ws://localhost:57362/devtoo..., se:cdpVersion: 130.0.6723.70, setWindowRect: true, strictFileInteractability: false, timeouts: {implicit: 0, pageLoad: 300000, script: 30000}, unhandledPromptBehavior: dismiss and notify, webauthn:extension:credBlob: true, webauthn:extension:largeBlob: true, webauthn:extension:minPinLength: true, webauthn:extension:prf: true, webauthn:virtualAuthenticators: true}
Element: [[ChromeDriver: chrome on windows (73ff715d4e9facfef584313e7cf941b6)] -> xpath: //span[normalize-space()='Class']]
Session ID: 73ff715d4e9facfef584313e7cf941b6
at jdk.internal.reflect.GeneratedConstructorAccessor40.newInstance(Unknown Source)
at java.base/jdk.internal.reflect.DelegatingConstructorAccessorImpl.newInstance(DelegatingConstructorAccessorImpl.java:45)
at java.base/java.lang.reflect.Constructor.newInstanceWithCaller(Constructor.java:499)
at java.base/java.lang.reflect.Constructor.newInstance(Constructor.java:480)
at org.openqa.selenium.remote.codec.w3c.W3CHttpResponseCodec.createException(W3CHttpResponseCodec.java:200)
at org.openqa.selenium.remote.codec.w3c.W3CHttpResponseCodec.decode(W3CHttpResponseCodec.java:133)
at org.openqa.selenium.remote.codec.w3c.W3CHttpResponseCodec.decode(W3CHttpResponseCodec.java:52)
at org.openqa.selenium.remote.HttpCommandExecutor.execute(HttpCommandExecutor.java:191)
at org.openqa.selenium.remote.service.DriverCommandExecutor.invokeExecute(DriverCommandExecutor.java:196)
at org.openqa.selenium.remote.service.DriverCommandExecutor.execute(DriverCommandExecutor.java:171)
at org.openqa.selenium.remote.RemoteWebDriver.execute(RemoteWebDriver.java:518)
at org.openqa.selenium.remote.RemoteWebElement.execute(RemoteWebElement.java:224)
at org.openqa.selenium.remote.RemoteWebElement.click(RemoteWebElement.java:77)
at jdk.internal.reflect.GeneratedMethodAccessor159.invoke(Unknown Source)
at java.base/jdk.internal.reflect.DelegatingMethodAccessorImpl.invoke(DelegatingMethodAccessorImpl.java:43)
at java.base/java.lang.reflect.Method.invoke(Method.java:568)
at org.openqa.selenium.support.pagefactory.internal.LocatingElementHandler.invoke(LocatingElementHandler.java:51)
at jdk.proxy2/jdk.proxy2.$Proxy40.click(Unknown Source)
at pageObjectModel.ClassPage.click_classTab(ClassPage.java:205)
at stepDefinition.ClassSteps.userhb_clicks_class_button(ClassSteps.java:193)
at ✽.userhb clicks class button(file:///C:/Users/banda/git/Team12_SeleniumHackathon/Team_12_LMS_Oct_2024/./src/test/resources/Features/05Class.feature:50)
]]>
            </full-stacktrace>
          </exception> <!-- org.openqa.selenium.ElementClickInterceptedException -->
          <reporter-output>
          </reporter-output>
        </test-method> <!-- runScenario -->
        <test-method signature="runScenario(io.cucumber.testng.PickleWrapper,io.cucumber.testng.FeatureWrapper)[pri:0, instance:runners.TestRunner@43aaf813]" started-at="2024-10-29T16:17:33 EDT" name="runScenario" description="Runs Cucumber Scenarios" data-provider="scenarios" finished-at="2024-10-29T16:17:34 EDT" duration-ms="1311" status="FAIL">
          <params>
            <param index="0">
              <value>
                <![CDATA["userhb is able to logout from manage class page"]]>
              </value>
            </param>
            <param index="1">
              <value>
                <![CDATA["Class Module"]]>
              </value>
            </param>
          </params>
          <exception class="org.openqa.selenium.ElementClickInterceptedException">
            <message>
              <![CDATA[element click intercepted: Element <span class="mat-button-wrapper">...</span> is not clickable at point (1312, 31). Other element would receive the click: <div class="ng-tns-c168-7 p-dialog-mask p-component-overlay p-dialog-mask-scrollblocker ng-star-inserted" ng-reflect-ng-class="[object Object]" style="z-index: 1000;">...</div>
  (Session info: chrome=130.0.6723.70)
Build info: version: '4.11.0', revision: '040bc5406b'
System info: os.name: 'Windows 11', os.arch: 'amd64', os.version: '10.0', java.version: '17.0.7'
Driver info: org.openqa.selenium.chrome.ChromeDriver
Command: [73ff715d4e9facfef584313e7cf941b6, clickElement {id=f.E574B401B2B9A599809FF0349E503009.d.F228EBF7998070DA1F805674CFAB00C5.e.847}]
Capabilities {acceptInsecureCerts: false, browserName: chrome, browserVersion: 130.0.6723.70, chrome: {chromedriverVersion: 130.0.6723.69 (3ec172b971b9..., userDataDir: C:\Users\banda\AppData\Loca...}, fedcm:accounts: true, goog:chromeOptions: {debuggerAddress: localhost:57362}, networkConnectionEnabled: false, pageLoadStrategy: normal, platformName: windows, proxy: Proxy(), se:cdp: ws://localhost:57362/devtoo..., se:cdpVersion: 130.0.6723.70, setWindowRect: true, strictFileInteractability: false, timeouts: {implicit: 0, pageLoad: 300000, script: 30000}, unhandledPromptBehavior: dismiss and notify, webauthn:extension:credBlob: true, webauthn:extension:largeBlob: true, webauthn:extension:minPinLength: true, webauthn:extension:prf: true, webauthn:virtualAuthenticators: true}
Element: [[ChromeDriver: chrome on windows (73ff715d4e9facfef584313e7cf941b6)] -> xpath: //span[normalize-space()='Batch']]
Session ID: 73ff715d4e9facfef584313e7cf941b6]]>
            </message>
            <full-stacktrace>
              <![CDATA[org.openqa.selenium.ElementClickInterceptedException: element click intercepted: Element <span class="mat-button-wrapper">...</span> is not clickable at point (1312, 31). Other element would receive the click: <div class="ng-tns-c168-7 p-dialog-mask p-component-overlay p-dialog-mask-scrollblocker ng-star-inserted" ng-reflect-ng-class="[object Object]" style="z-index: 1000;">...</div>
  (Session info: chrome=130.0.6723.70)
Build info: version: '4.11.0', revision: '040bc5406b'
System info: os.name: 'Windows 11', os.arch: 'amd64', os.version: '10.0', java.version: '17.0.7'
Driver info: org.openqa.selenium.chrome.ChromeDriver
Command: [73ff715d4e9facfef584313e7cf941b6, clickElement {id=f.E574B401B2B9A599809FF0349E503009.d.F228EBF7998070DA1F805674CFAB00C5.e.847}]
Capabilities {acceptInsecureCerts: false, browserName: chrome, browserVersion: 130.0.6723.70, chrome: {chromedriverVersion: 130.0.6723.69 (3ec172b971b9..., userDataDir: C:\Users\banda\AppData\Loca...}, fedcm:accounts: true, goog:chromeOptions: {debuggerAddress: localhost:57362}, networkConnectionEnabled: false, pageLoadStrategy: normal, platformName: windows, proxy: Proxy(), se:cdp: ws://localhost:57362/devtoo..., se:cdpVersion: 130.0.6723.70, setWindowRect: true, strictFileInteractability: false, timeouts: {implicit: 0, pageLoad: 300000, script: 30000}, unhandledPromptBehavior: dismiss and notify, webauthn:extension:credBlob: true, webauthn:extension:largeBlob: true, webauthn:extension:minPinLength: true, webauthn:extension:prf: true, webauthn:virtualAuthenticators: true}
Element: [[ChromeDriver: chrome on windows (73ff715d4e9facfef584313e7cf941b6)] -> xpath: //span[normalize-space()='Batch']]
Session ID: 73ff715d4e9facfef584313e7cf941b6
at jdk.internal.reflect.GeneratedConstructorAccessor40.newInstance(Unknown Source)
at java.base/jdk.internal.reflect.DelegatingConstructorAccessorImpl.newInstance(DelegatingConstructorAccessorImpl.java:45)
at java.base/java.lang.reflect.Constructor.newInstanceWithCaller(Constructor.java:499)
at java.base/java.lang.reflect.Constructor.newInstance(Constructor.java:480)
at org.openqa.selenium.remote.codec.w3c.W3CHttpResponseCodec.createException(W3CHttpResponseCodec.java:200)
at org.openqa.selenium.remote.codec.w3c.W3CHttpResponseCodec.decode(W3CHttpResponseCodec.java:133)
at org.openqa.selenium.remote.codec.w3c.W3CHttpResponseCodec.decode(W3CHttpResponseCodec.java:52)
at org.openqa.selenium.remote.HttpCommandExecutor.execute(HttpCommandExecutor.java:191)
at org.openqa.selenium.remote.service.DriverCommandExecutor.invokeExecute(DriverCommandExecutor.java:196)
at org.openqa.selenium.remote.service.DriverCommandExecutor.execute(DriverCommandExecutor.java:171)
at org.openqa.selenium.remote.RemoteWebDriver.execute(RemoteWebDriver.java:518)
at org.openqa.selenium.remote.RemoteWebElement.execute(RemoteWebElement.java:224)
at org.openqa.selenium.remote.RemoteWebElement.click(RemoteWebElement.java:77)
at jdk.internal.reflect.GeneratedMethodAccessor159.invoke(Unknown Source)
at java.base/jdk.internal.reflect.DelegatingMethodAccessorImpl.invoke(DelegatingMethodAccessorImpl.java:43)
at java.base/java.lang.reflect.Method.invoke(Method.java:568)
at org.openqa.selenium.support.pagefactory.internal.LocatingElementHandler.invoke(LocatingElementHandler.java:51)
at jdk.proxy2/jdk.proxy2.$Proxy40.click(Unknown Source)
at pageObjectModel.ClassPage.click_logoutTab(ClassPage.java:214)
at stepDefinition.ClassSteps.userhb_clicks_logout_button(ClassSteps.java:208)
at ✽.userhb clicks logout button(file:///C:/Users/banda/git/Team12_SeleniumHackathon/Team_12_LMS_Oct_2024/./src/test/resources/Features/05Class.feature:55)
]]>
            </full-stacktrace>
          </exception> <!-- org.openqa.selenium.ElementClickInterceptedException -->
          <reporter-output>
          </reporter-output>
        </test-method> <!-- runScenario -->
        <test-method is-config="true" signature="tearDownClass()[pri:0, instance:runners.TestRunner@43aaf813]" started-at="2024-10-29T16:17:34 EDT" name="tearDownClass" finished-at="2024-10-29T16:17:51 EDT" duration-ms="16545" status="PASS">
          <reporter-output>
          </reporter-output>
        </test-method> <!-- tearDownClass -->
      </class> <!-- runners.TestRunner -->
    </test> <!-- Default test -->
  </suite> <!-- Default suite -->
</testng-results>
