<?xml version="1.0" encoding="UTF-8"?>
<testng-results ignored="0" total="1" passed="0" failed="1" skipped="0">
  <reporter-output>
  </reporter-output>
  <suite started-at="2024-10-23T21:35:58 EDT" name="Default suite" finished-at="2024-10-23T21:36:02 EDT" duration-ms="4619">
    <groups>
      <group name="cucumber">
        <method signature="AbstractTestNGCucumberTests.runScenario(io.cucumber.testng.PickleWrapper,io.cucumber.testng.FeatureWrapper)[pri:0, instance:runners.TestRunner@66ac5762]" name="runScenario" class="io.cucumber.testng.AbstractTestNGCucumberTests"/>
      </group> <!-- cucumber -->
    </groups>
    <test started-at="2024-10-23T21:35:58 EDT" name="Default test" finished-at="2024-10-23T21:36:02 EDT" duration-ms="4619">
      <class name="runners.TestRunner">
        <test-method is-config="true" signature="setUpClass(org.testng.ITestContext)[pri:0, instance:runners.TestRunner@66ac5762]" started-at="2024-10-23T21:35:58 EDT" name="setUpClass" finished-at="2024-10-23T21:35:59 EDT" duration-ms="846" status="PASS">
          <params>
            <param index="0">
              <value>
                <![CDATA[org.testng.TestRunner@3b353651]]>
              </value>
            </param>
          </params>
          <reporter-output>
          </reporter-output>
        </test-method> <!-- setUpClass -->
        <test-method signature="runScenario(io.cucumber.testng.PickleWrapper,io.cucumber.testng.FeatureWrapper)[pri:0, instance:runners.TestRunner@66ac5762]" started-at="2024-10-23T21:35:59 EDT" name="runScenario" description="Runs Cucumber Scenarios" data-provider="scenarios" finished-at="2024-10-23T21:35:59 EDT" duration-ms="433" status="FAIL">
          <params>
            <param index="0">
              <value>
                <![CDATA["Verify Admin Navigate to Batch page successfully"]]>
              </value>
            </param>
            <param index="1">
              <value>
                <![CDATA["Batch Page Navigation"]]>
              </value>
            </param>
          </params>
          <exception class="java.lang.NullPointerException">
            <message>
              <![CDATA[Cannot invoke "String.equals(Object)" because "Browser" is null]]>
            </message>
            <full-stacktrace>
              <![CDATA[java.lang.NullPointerException: Cannot invoke "String.equals(Object)" because "Browser" is null
at factory.driverFactory.init_driver(driverFactory.java:25)
at factory.driverFactory.getDriver(driverFactory.java:56)
at stepDefinition.BatchSteps.admin_successfully_logged_on_to_the_lms_portal_and_admin_is_on_the_dashboard_page(BatchSteps.java:12)
at ✽.Admin successfully Logged on to the LMS Portal and Admin is on the Dashboard Page(file:///D:/Team12/Team12_SeleniumHackathon/Team_12_LMS_Oct_2024/./Features/Batch.feature:4)
]]>
            </full-stacktrace>
          </exception> <!-- java.lang.NullPointerException -->
          <reporter-output>
          </reporter-output>
        </test-method> <!-- runScenario -->
        <test-method is-config="true" signature="tearDownClass()[pri:0, instance:runners.TestRunner@66ac5762]" started-at="2024-10-23T21:35:59 EDT" name="tearDownClass" finished-at="2024-10-23T21:36:02 EDT" duration-ms="3276" status="PASS">
          <reporter-output>
          </reporter-output>
        </test-method> <!-- tearDownClass -->
      </class> <!-- runners.TestRunner -->
    </test> <!-- Default test -->
  </suite> <!-- Default suite -->
</testng-results>
