<?xml version="1.0" encoding="UTF-8"?>
<!-- Generated by org.testng.reporters.JUnitReportReporter -->
<testsuite hostname="KPS" failures="0" tests="1" name="runners.TestRunner" time="0.433" errors="1" timestamp="2024-10-23T21:36:03 EDT" skipped="0">
  <testcase classname="runners.TestRunner" name="runScenario" time="0.433">
    <error message="Cannot invoke &quot;String.equals(Object)&quot; because &quot;Browser&quot; is null" type="java.lang.NullPointerException">
      <![CDATA[java.lang.NullPointerException: Cannot invoke "String.equals(Object)" because "Browser" is null
at factory.driverFactory.init_driver(driverFactory.java:25)
at factory.driverFactory.getDriver(driverFactory.java:56)
at stepDefinition.BatchSteps.admin_successfully_logged_on_to_the_lms_portal_and_admin_is_on_the_dashboard_page(BatchSteps.java:12)
at ✽.Admin successfully Logged on to the LMS Portal and Admin is on the Dashboard Page(file:///D:/Team12/Team12_SeleniumHackathon/Team_12_LMS_Oct_2024/./Features/Batch.feature:4)
]]>
    </error>
  </testcase> <!-- runScenario -->
  <system-out/>
</testsuite> <!-- runners.TestRunner -->
