<?xml version="1.0" encoding="UTF-8"?>
<!-- Generated by org.testng.reporters.JUnitXMLReporter -->
<testsuite ignored="0" hostname="KPS" failures="1" tests="1" name="Default test" time="4.619" errors="0" timestamp="2024-10-23T21:36:03 EDT">
  <testcase classname="io.cucumber.testng.AbstractTestNGCucumberTests" name="runScenario" time="0.433">
    <failure type="java.lang.NullPointerException" message="Cannot invoke &amp;quot;String.equals(Object)&amp;quot; because &amp;quot;Browser&amp;quot; is null">
      <![CDATA[java.lang.NullPointerException: Cannot invoke "String.equals(Object)" because "Browser" is null
at factory.driverFactory.init_driver(driverFactory.java:25)
at factory.driverFactory.getDriver(driverFactory.java:56)
at stepDefinition.BatchSteps.admin_successfully_logged_on_to_the_lms_portal_and_admin_is_on_the_dashboard_page(BatchSteps.java:12)
at ✽.Admin successfully Logged on to the LMS Portal and Admin is on the Dashboard Page(file:///D:/Team12/Team12_SeleniumHackathon/Team_12_LMS_Oct_2024/./Features/Batch.feature:4)
]]>
    </failure>
  </testcase> <!-- runScenario -->
</testsuite> <!-- Default test -->
